{"meta": {"format": 3, "version": "7.13.5", "timestamp": "2026-04-16T12:01:09.227408", "branch_coverage": false, "show_contexts": false}, "files": {"src\\__init__.py": {"executed_lines": [7], "summary": {"covered_lines": 1, "num_statements": 1, "percent_covered": 100.0, "percent_covered_display": "100", "missing_lines": 0, "excluded_lines": 0, "percent_statements_covered": 100.0, "percent_statements_covered_display": "100"}, "missing_lines": [], "excluded_lines": [], "functions": {"": {"executed_lines": [7], "summary": {"covered_lines": 1, "num_statements": 1, "percent_covered": 100.0, "percent_covered_display": "100", "missing_lines": 0, "excluded_lines": 0, "percent_statements_covered": 100.0, "percent_statements_covered_display": "100"}, "missing_lines": [], "excluded_lines": [], "start_line": 1}}, "classes": {"": {"executed_lines": [7], "summary": {"covered_lines": 1, "num_statements": 1, "percent_covered": 100.0, "percent_covered_display": "100", "missing_lines": 0, "excluded_lines": 0, "percent_statements_covered": 100.0, "percent_statements_covered_display": "100"}, "missing_lines": [], "excluded_lines": [], "start_line": 1}}}, "src\\clinical\\__init__.py": {"executed_lines": [], "summary": {"covered_lines": 0, "num_statements": 15, "percent_covered": 0.0, "percent_covered_display": "0", "missing_lines": 15, "excluded_lines": 0, "percent_statements_covered": 0.0, "percent_statements_covered_display": "0"}, "missing_lines": [15, 16, 22, 29, 37, 44, 45, 54, 70, 77, 78, 79, 83, 84, 86], "excluded_lines": [], "functions": {"": {"executed_lines": [], "summary": {"covered_lines": 0, "num_statements": 15, "percent_covered": 0.0, "percent_covered_display": "0", "missing_lines": 15, "excluded_lines": 0, "percent_statements_covered": 0.0, "percent_statements_covered_display": "0"}, "missing_lines": [15, 16, 22, 29, 37, 44, 45, 54, 70, 77, 78, 79, 83, 84, 86], "excluded_lines": [], "start_line": 1}}, "classes": {"": {"executed_lines": [], "summary": {"covered_lines": 0, "num_statements": 15, "percent_covered": 0.0, "percent_covered_display": "0", "missing_lines": 15, "excluded_lines": 0, "percent_statements_covered": 0.0, "percent_statements_covered_display": "0"}, "missing_lines": [15, 16, 22, 29, 37, 44, 45, 54, 70, 77, 78, 79, 83, 84, 86], "excluded_lines": [], "start_line": 1}}}, "src\\clinical\\audit.py": {"executed_lines": [], "summary": {"covered_lines": 0, "num_statements": 443, "percent_covered": 0.0, "percent_covered_display": "0", "missing_lines": 443, "excluded_lines": 0, "percent_statements_covered": 0.0, "percent_statements_covered_display": "0"}, "missing_lines": [15, 16, 17, 18, 19, 20, 21, 22, 23, 24, 25, 26, 28, 29, 30, 38, 41, 42, 43, 44, 45, 46, 47, 48, 49, 50, 53, 56, 57, 58, 59, 62, 63, 73, 74, 75, 76, 77, 78, 80, 82, 83, 84, 85, 87, 89, 90, 91, 92, 93, 95, 96, 98, 99, 100, 102, 104, 105, 108, 109, 115, 117, 119, 126, 127, 129, 137, 140, 142, 143, 145, 146, 147, 149, 151, 154, 156, 158, 159, 164, 166, 168, 169, 170, 172, 178, 179, 180, 182, 184, 188, 190, 191, 192, 194, 196, 203, 206, 207, 210, 211, 221, 222, 231, 232, 235, 236, 240, 243, 245, 246, 247, 249, 251, 252, 254, 256, 257, 259, 260, 261, 263, 264, 265, 266, 268, 277, 280, 281, 282, 283, 285, 286, 288, 289, 291, 292, 293, 294, 295, 296, 297, 300, 301, 302, 303, 304, 305, 306, 307, 309, 311, 312, 314, 315, 317, 319, 321, 329, 330, 332, 333, 334, 341, 343, 344, 346, 347, 348, 359, 360, 362, 363, 374, 376, 378, 379, 380, 382, 384, 386, 387, 388, 389, 390, 391, 393, 395, 397, 398, 400, 401, 403, 404, 406, 408, 409, 411, 412, 413, 417, 418, 420, 423, 426, 433, 434, 435, 437, 438, 440, 441, 442, 443, 446, 448, 450, 452, 454, 456, 457, 459, 461, 463, 475, 476, 478, 497, 499, 512, 514, 533, 535, 547, 565, 567, 579, 580, 581, 582, 583, 585, 603, 605, 615, 632, 634, 643, 659, 661, 663, 664, 666, 672, 674, 675, 676, 678, 679, 681, 682, 683, 685, 687, 689, 698, 700, 708, 710, 712, 714, 716, 719, 723, 724, 725, 727, 728, 729, 730, 732, 733, 734, 736, 747, 750, 759, 760, 761, 762, 763, 764, 765, 767, 769, 770, 772, 774, 775, 777, 779, 787, 789, 791, 793, 794, 796, 806, 809, 817, 818, 819, 821, 823, 826, 827, 828, 829, 835, 836, 837, 839, 841, 842, 844, 846, 850, 853, 854, 855, 856, 865, 868, 893, 894, 897, 898, 900, 905, 907, 911, 913, 922, 923, 924, 926, 927, 929, 930, 931, 939, 940, 941, 942, 950, 952, 954, 956, 957, 964, 977, 978, 979, 982, 983, 986, 987, 988, 999, 1001, 1010, 1013, 1015, 1016, 1018, 1020, 1021, 1023, 1032, 1033, 1034, 1035, 1036, 1043, 1045, 1046, 1048, 1049, 1054, 1055, 1058, 1060, 1061, 1062, 1063, 1073, 1076, 1078, 1079, 1089, 1090, 1091, 1099, 1101, 1103, 1105, 1127, 1128, 1129, 1131, 1133, 1134, 1139, 1140, 1145, 1146, 1149, 1150, 1153, 1157, 1160, 1164, 1165, 1166, 1169, 1171, 1177, 1186, 1187, 1188, 1191, 1194, 1195, 1197, 1198, 1200, 1202, 1205, 1207, 1208, 1210, 1211, 1213], "excluded_lines": [], "functions": {"AuditEvent.__post_init__": {"executed_lines": [], "summary": {"covered_lines": 0, "num_statements": 4, "percent_covered": 0.0, "percent_covered_display": "0", "missing_lines": 4, "excluded_lines": 0, "percent_statements_covered": 0.0, "percent_statements_covered_display": "0"}, "missing_lines": [82, 83, 84, 85], "excluded_lines": [], "start_line": 80}, "AuditEvent.to_dict": {"executed_lines": [], "summary": {"covered_lines": 0, "num_statements": 5, "percent_covered": 0.0, "percent_covered_display": "0", "missing_lines": 5, "excluded_lines": 0, "percent_statements_covered": 0.0, "percent_statements_covered_display": "0"}, "missing_lines": [89, 90, 91, 92, 93], "excluded_lines": [], "start_line": 87}, "AuditEvent.from_dict": {"executed_lines": [], "summary": {"covered_lines": 0, "num_statements": 3, "percent_covered": 0.0, "percent_covered_display": "0", "missing_lines": 3, "excluded_lines": 0, "percent_statements_covered": 0.0, "percent_statements_covered_display": "0"}, "missing_lines": [98, 99, 100], "excluded_lines": [], "start_line": 96}, "AuditEvent.get_content_hash": {"executed_lines": [], "summary": {"covered_lines": 0, "num_statements": 2, "percent_covered": 0.0, "percent_covered_display": "0", "missing_lines": 2, "excluded_lines": 0, "percent_statements_covered": 0.0, "percent_statements_covered_display": "0"}, "missing_lines": [104, 105], "excluded_lines": [], "start_line": 102}, "SignedAuditRecord.to_dict": {"executed_lines": [], "summary": {"covered_lines": 0, "num_statements": 1, "percent_covered": 0.0, "percent_covered_display": "0", "missing_lines": 1, "excluded_lines": 0, "percent_statements_covered": 0.0, "percent_statements_covered_display": "0"}, "missing_lines": [119], "excluded_lines": [], "start_line": 117}, "SignedAuditRecord.from_dict": {"executed_lines": [], "summary": {"covered_lines": 0, "num_statements": 1, "percent_covered": 0.0, "percent_covered_display": "0", "missing_lines": 1, "excluded_lines": 0, "percent_statements_covered": 0.0, "percent_statements_covered_display": "0"}, "missing_lines": [129], "excluded_lines": [], "start_line": 127}, "CryptographicSigner.__init__": {"executed_lines": [], "summary": {"covered_lines": 0, "num_statements": 5, "percent_covered": 0.0, "percent_covered_display": "0", "missing_lines": 5, "excluded_lines": 0, "percent_statements_covered": 0.0, "percent_statements_covered_display": "0"}, "missing_lines": [142, 143, 145, 146, 147], "excluded_lines": [], "start_line": 140}, "CryptographicSigner._compute_key_fingerprint": {"executed_lines": [], "summary": {"covered_lines": 0, "num_statements": 2, "percent_covered": 0.0, "percent_covered_display": "0", "missing_lines": 2, "excluded_lines": 0, "percent_statements_covered": 0.0, "percent_statements_covered_display": "0"}, "missing_lines": [151, 154], "excluded_lines": [], "start_line": 149}, "CryptographicSigner.sign_event": {"executed_lines": [], "summary": {"covered_lines": 0, "num_statements": 3, "percent_covered": 0.0, "percent_covered_display": "0", "missing_lines": 3, "excluded_lines": 0, "percent_statements_covered": 0.0, "percent_statements_covered_display": "0"}, "missing_lines": [158, 159, 164], "excluded_lines": [], "start_line": 156}, "CryptographicSigner.verify_signature": {"executed_lines": [], "summary": {"covered_lines": 0, "num_statements": 7, "percent_covered": 0.0, "percent_covered_display": "0", "missing_lines": 7, "excluded_lines": 0, "percent_statements_covered": 0.0, "percent_statements_covered_display": "0"}, "missing_lines": [168, 169, 170, 172, 178, 179, 180], "excluded_lines": [], "start_line": 166}, "CryptographicSigner.export_public_key": {"executed_lines": [], "summary": {"covered_lines": 0, "num_statements": 1, "percent_covered": 0.0, "percent_covered_display": "0", "missing_lines": 1, "excluded_lines": 0, "percent_statements_covered": 0.0, "percent_statements_covered_display": "0"}, "missing_lines": [184], "excluded_lines": [], "start_line": 182}, "CryptographicSigner.export_private_key": {"executed_lines": [], "summary": {"covered_lines": 0, "num_statements": 5, "percent_covered": 0.0, "percent_covered_display": "0", "missing_lines": 5, "excluded_lines": 0, "percent_statements_covered": 0.0, "percent_statements_covered_display": "0"}, "missing_lines": [190, 191, 192, 194, 196], "excluded_lines": [], "start_line": 188}, "AuditStorage.store_record": {"executed_lines": [], "summary": {"covered_lines": 0, "num_statements": 0, "percent_covered": 100.0, "percent_covered_display": "100", "missing_lines": 0, "excluded_lines": 0, "percent_statements_covered": 100.0, "percent_statements_covered_display": "100"}, "missing_lines": [], "excluded_lines": [], "start_line": 207}, "AuditStorage.retrieve_records": {"executed_lines": [], "summary": {"covered_lines": 0, "num_statements": 0, "percent_covered": 100.0, "percent_covered_display": "100", "missing_lines": 0, "excluded_lines": 0, "percent_statements_covered": 100.0, "percent_statements_covered_display": "100"}, "missing_lines": [], "excluded_lines": [], "start_line": 211}, "AuditStorage.export_records": {"executed_lines": [], "summary": {"covered_lines": 0, "num_statements": 0, "percent_covered": 100.0, "percent_covered_display": "100", "missing_lines": 0, "excluded_lines": 0, "percent_statements_covered": 100.0, "percent_statements_covered_display": "100"}, "missing_lines": [], "excluded_lines": [], "start_line": 222}, "AuditStorage.get_record_count": {"executed_lines": [], "summary": {"covered_lines": 0, "num_statements": 0, "percent_covered": 100.0, "percent_covered_display": "100", "missing_lines": 0, "excluded_lines": 0, "percent_statements_covered": 100.0, "percent_statements_covered_display": "100"}, "missing_lines": [], "excluded_lines": [], "start_line": 232}, "AuditStorage.cleanup_old_records": {"executed_lines": [], "summary": {"covered_lines": 0, "num_statements": 0, "percent_covered": 100.0, "percent_covered_display": "100", "missing_lines": 0, "excluded_lines": 0, "percent_statements_covered": 100.0, "percent_statements_covered_display": "100"}, "missing_lines": [], "excluded_lines": [], "start_line": 236}, "FileAuditStorage.__init__": {"executed_lines": [], "summary": {"covered_lines": 0, "num_statements": 3, "percent_covered": 0.0, "percent_covered_display": "0", "missing_lines": 3, "excluded_lines": 0, "percent_statements_covered": 0.0, "percent_statements_covered_display": "0"}, "missing_lines": [245, 246, 247], "excluded_lines": [], "start_line": 243}, "FileAuditStorage._get_daily_log_file": {"executed_lines": [], "summary": {"covered_lines": 0, "num_statements": 2, "percent_covered": 0.0, "percent_covered_display": "0", "missing_lines": 2, "excluded_lines": 0, "percent_statements_covered": 0.0, "percent_statements_covered_display": "0"}, "missing_lines": [251, 252], "excluded_lines": [], "start_line": 249}, "FileAuditStorage.store_record": {"executed_lines": [], "summary": {"covered_lines": 0, "num_statements": 9, "percent_covered": 0.0, "percent_covered_display": "0", "missing_lines": 9, "excluded_lines": 0, "percent_statements_covered": 0.0, "percent_statements_covered_display": "0"}, "missing_lines": [256, 257, 259, 260, 261, 263, 264, 265, 266], "excluded_lines": [], "start_line": 254}, "FileAuditStorage.retrieve_records": {"executed_lines": [], "summary": {"covered_lines": 0, "num_statements": 31, "percent_covered": 0.0, "percent_covered_display": "0", "missing_lines": 31, "excluded_lines": 0, "percent_statements_covered": 0.0, "percent_statements_covered_display": "0"}, "missing_lines": [277, 280, 281, 282, 283, 285, 286, 288, 289, 291, 292, 293, 294, 295, 296, 297, 300, 301, 302, 303, 304, 305, 306, 307, 309, 311, 312, 314, 315, 317, 319], "excluded_lines": [], "start_line": 268}, "FileAuditStorage.export_records": {"executed_lines": [], "summary": {"covered_lines": 0, "num_statements": 20, "percent_covered": 0.0, "percent_covered_display": "0", "missing_lines": 20, "excluded_lines": 0, "percent_statements_covered": 0.0, "percent_statements_covered_display": "0"}, "missing_lines": [329, 330, 332, 333, 334, 341, 343, 344, 346, 347, 348, 359, 360, 362, 363, 374, 376, 378, 379, 380], "excluded_lines": [], "start_line": 321}, "FileAuditStorage.get_record_count": {"executed_lines": [], "summary": {"covered_lines": 0, "num_statements": 8, "percent_covered": 0.0, "percent_covered_display": "0", "missing_lines": 8, "excluded_lines": 0, "percent_statements_covered": 0.0, "percent_statements_covered_display": "0"}, "missing_lines": [384, 386, 387, 388, 389, 390, 391, 393], "excluded_lines": [], "start_line": 382}, "FileAuditStorage.cleanup_old_records": {"executed_lines": [], "summary": {"covered_lines": 0, "num_statements": 15, "percent_covered": 0.0, "percent_covered_display": "0", "missing_lines": 15, "excluded_lines": 0, "percent_statements_covered": 0.0, "percent_statements_covered_display": "0"}, "missing_lines": [397, 398, 400, 401, 403, 404, 406, 408, 409, 411, 412, 413, 417, 418, 420], "excluded_lines": [], "start_line": 395}, "AuditLogger.__init__": {"executed_lines": [], "summary": {"covered_lines": 0, "num_statements": 11, "percent_covered": 0.0, "percent_covered_display": "0", "missing_lines": 11, "excluded_lines": 0, "percent_statements_covered": 0.0, "percent_statements_covered_display": "0"}, "missing_lines": [433, 434, 435, 437, 438, 440, 441, 442, 443, 446, 448], "excluded_lines": [], "start_line": 426}, "AuditLogger._create_event_id": {"executed_lines": [], "summary": {"covered_lines": 0, "num_statements": 1, "percent_covered": 0.0, "percent_covered_display": "0", "missing_lines": 1, "excluded_lines": 0, "percent_statements_covered": 0.0, "percent_statements_covered_display": "0"}, "missing_lines": [452], "excluded_lines": [], "start_line": 450}, "AuditLogger._hash_data": {"executed_lines": [], "summary": {"covered_lines": 0, "num_statements": 4, "percent_covered": 0.0, "percent_covered_display": "0", "missing_lines": 4, "excluded_lines": 0, "percent_statements_covered": 0.0, "percent_statements_covered_display": "0"}, "missing_lines": [456, 457, 459, 461], "excluded_lines": [], "start_line": 454}, "AuditLogger.log_prediction_operation": {"executed_lines": [], "summary": {"covered_lines": 0, "num_statements": 4, "percent_covered": 0.0, "percent_covered_display": "0", "missing_lines": 4, "excluded_lines": 0, "percent_statements_covered": 0.0, "percent_statements_covered_display": "0"}, "missing_lines": [475, 476, 478, 497], "excluded_lines": [], "start_line": 463}, "AuditLogger.log_user_access": {"executed_lines": [], "summary": {"covered_lines": 0, "num_statements": 3, "percent_covered": 0.0, "percent_covered_display": "0", "missing_lines": 3, "excluded_lines": 0, "percent_statements_covered": 0.0, "percent_statements_covered_display": "0"}, "missing_lines": [512, 514, 533], "excluded_lines": [], "start_line": 499}, "AuditLogger.log_data_modification": {"executed_lines": [], "summary": {"covered_lines": 0, "num_statements": 2, "percent_covered": 0.0, "percent_covered_display": "0", "missing_lines": 2, "excluded_lines": 0, "percent_statements_covered": 0.0, "percent_statements_covered_display": "0"}, "missing_lines": [547, 565], "excluded_lines": [], "start_line": 535}, "AuditLogger.log_system_error": {"executed_lines": [], "summary": {"covered_lines": 0, "num_statements": 7, "percent_covered": 0.0, "percent_covered_display": "0", "missing_lines": 7, "excluded_lines": 0, "percent_statements_covered": 0.0, "percent_statements_covered_display": "0"}, "missing_lines": [579, 580, 581, 582, 583, 585, 603], "excluded_lines": [], "start_line": 567}, "AuditLogger.log_model_training": {"executed_lines": [], "summary": {"covered_lines": 0, "num_statements": 2, "percent_covered": 0.0, "percent_covered_display": "0", "missing_lines": 2, "excluded_lines": 0, "percent_statements_covered": 0.0, "percent_statements_covered_display": "0"}, "missing_lines": [615, 632], "excluded_lines": [], "start_line": 605}, "AuditLogger.log_model_validation": {"executed_lines": [], "summary": {"covered_lines": 0, "num_statements": 2, "percent_covered": 0.0, "percent_covered_display": "0", "missing_lines": 2, "excluded_lines": 0, "percent_statements_covered": 0.0, "percent_statements_covered_display": "0"}, "missing_lines": [643, 659], "excluded_lines": [], "start_line": 634}, "AuditLogger._store_signed_event": {"executed_lines": [], "summary": {"covered_lines": 0, "num_statements": 12, "percent_covered": 0.0, "percent_covered_display": "0", "missing_lines": 12, "excluded_lines": 0, "percent_statements_covered": 0.0, "percent_statements_covered_display": "0"}, "missing_lines": [663, 664, 666, 672, 674, 675, 676, 678, 679, 681, 682, 683], "excluded_lines": [], "start_line": 661}, "AuditLogger.verify_record_integrity": {"executed_lines": [], "summary": {"covered_lines": 0, "num_statements": 1, "percent_covered": 0.0, "percent_covered_display": "0", "missing_lines": 1, "excluded_lines": 0, "percent_statements_covered": 0.0, "percent_statements_covered_display": "0"}, "missing_lines": [687], "excluded_lines": [], "start_line": 685}, "AuditLogger.get_audit_records": {"executed_lines": [], "summary": {"covered_lines": 0, "num_statements": 1, "percent_covered": 0.0, "percent_covered_display": "0", "missing_lines": 1, "excluded_lines": 0, "percent_statements_covered": 0.0, "percent_statements_covered_display": "0"}, "missing_lines": [698], "excluded_lines": [], "start_line": 689}, "AuditLogger.export_audit_logs": {"executed_lines": [], "summary": {"covered_lines": 0, "num_statements": 1, "percent_covered": 0.0, "percent_covered_display": "0", "missing_lines": 1, "excluded_lines": 0, "percent_statements_covered": 0.0, "percent_statements_covered_display": "0"}, "missing_lines": [708], "excluded_lines": [], "start_line": 700}, "AuditLogger.cleanup_old_logs": {"executed_lines": [], "summary": {"covered_lines": 0, "num_statements": 1, "percent_covered": 0.0, "percent_covered_display": "0", "missing_lines": 1, "excluded_lines": 0, "percent_statements_covered": 0.0, "percent_statements_covered_display": "0"}, "missing_lines": [712], "excluded_lines": [], "start_line": 710}, "AuditLogger.get_audit_statistics": {"executed_lines": [], "summary": {"covered_lines": 0, "num_statements": 13, "percent_covered": 0.0, "percent_covered_display": "0", "missing_lines": 13, "excluded_lines": 0, "percent_statements_covered": 0.0, "percent_statements_covered_display": "0"}, "missing_lines": [716, 719, 723, 724, 725, 727, 728, 729, 730, 732, 733, 734, 736], "excluded_lines": [], "start_line": 714}, "AuditContextManager.__init__": {"executed_lines": [], "summary": {"covered_lines": 0, "num_statements": 7, "percent_covered": 0.0, "percent_covered_display": "0", "missing_lines": 7, "excluded_lines": 0, "percent_statements_covered": 0.0, "percent_statements_covered_display": "0"}, "missing_lines": [759, 760, 761, 762, 763, 764, 765], "excluded_lines": [], "start_line": 750}, "AuditContextManager.__enter__": {"executed_lines": [], "summary": {"covered_lines": 0, "num_statements": 2, "percent_covered": 0.0, "percent_covered_display": "0", "missing_lines": 2, "excluded_lines": 0, "percent_statements_covered": 0.0, "percent_statements_covered_display": "0"}, "missing_lines": [769, 770], "excluded_lines": [], "start_line": 767}, "AuditContextManager.__exit__": {"executed_lines": [], "summary": {"covered_lines": 0, "num_statements": 6, "percent_covered": 0.0, "percent_covered_display": "0", "missing_lines": 6, "excluded_lines": 0, "percent_statements_covered": 0.0, "percent_statements_covered_display": "0"}, "missing_lines": [774, 775, 777, 779, 787, 789], "excluded_lines": [], "start_line": 772}, "AuditContextManager.log_success": {"executed_lines": [], "summary": {"covered_lines": 0, "num_statements": 3, "percent_covered": 0.0, "percent_covered_display": "0", "missing_lines": 3, "excluded_lines": 0, "percent_statements_covered": 0.0, "percent_statements_covered_display": "0"}, "missing_lines": [793, 794, 796], "excluded_lines": [], "start_line": 791}, "ComplianceAuditLogger.__init__": {"executed_lines": [], "summary": {"covered_lines": 0, "num_statements": 3, "percent_covered": 0.0, "percent_covered_display": "0", "missing_lines": 3, "excluded_lines": 0, "percent_statements_covered": 0.0, "percent_statements_covered_display": "0"}, "missing_lines": [817, 818, 819], "excluded_lines": [], "start_line": 809}, "ComplianceAuditLogger._store_signed_event": {"executed_lines": [], "summary": {"covered_lines": 0, "num_statements": 12, "percent_covered": 0.0, "percent_covered_display": "0", "missing_lines": 12, "excluded_lines": 0, "percent_statements_covered": 0.0, "percent_statements_covered_display": "0"}, "missing_lines": [823, 826, 827, 828, 829, 835, 836, 837, 839, 841, 842, 844], "excluded_lines": [], "start_line": 821}, "ComplianceAuditLogger.generate_compliance_report": {"executed_lines": [], "summary": {"covered_lines": 0, "num_statements": 13, "percent_covered": 0.0, "percent_covered_display": "0", "missing_lines": 13, "excluded_lines": 0, "percent_statements_covered": 0.0, "percent_statements_covered_display": "0"}, "missing_lines": [850, 853, 854, 855, 856, 865, 868, 893, 894, 897, 898, 900, 905], "excluded_lines": [], "start_line": 846}, "ComplianceAuditLogger.validate_audit_chain": {"executed_lines": [], "summary": {"covered_lines": 0, "num_statements": 15, "percent_covered": 0.0, "percent_covered_display": "0", "missing_lines": 15, "excluded_lines": 0, "percent_statements_covered": 0.0, "percent_statements_covered_display": "0"}, "missing_lines": [911, 913, 922, 923, 924, 926, 927, 929, 930, 931, 939, 940, 941, 942, 950], "excluded_lines": [], "start_line": 907}, "ComplianceAuditLogger.archive_old_records": {"executed_lines": [], "summary": {"covered_lines": 0, "num_statements": 14, "percent_covered": 0.0, "percent_covered_display": "0", "missing_lines": 14, "excluded_lines": 0, "percent_statements_covered": 0.0, "percent_statements_covered_display": "0"}, "missing_lines": [954, 956, 957, 964, 977, 978, 979, 982, 983, 986, 987, 988, 999, 1001], "excluded_lines": [], "start_line": 952}, "AuditLogAnalyzer.__init__": {"executed_lines": [], "summary": {"covered_lines": 0, "num_statements": 2, "percent_covered": 0.0, "percent_covered_display": "0", "missing_lines": 2, "excluded_lines": 0, "percent_statements_covered": 0.0, "percent_statements_covered_display": "0"}, "missing_lines": [1015, 1016], "excluded_lines": [], "start_line": 1013}, "AuditLogAnalyzer.detect_anomalous_patterns": {"executed_lines": [], "summary": {"covered_lines": 0, "num_statements": 28, "percent_covered": 0.0, "percent_covered_display": "0", "missing_lines": 28, "excluded_lines": 0, "percent_statements_covered": 0.0, "percent_statements_covered_display": "0"}, "missing_lines": [1020, 1021, 1023, 1032, 1033, 1034, 1035, 1036, 1043, 1045, 1046, 1048, 1049, 1054, 1055, 1058, 1060, 1061, 1062, 1063, 1073, 1076, 1078, 1079, 1089, 1090, 1091, 1099], "excluded_lines": [], "start_line": 1018}, "AuditLogAnalyzer.generate_usage_report": {"executed_lines": [], "summary": {"covered_lines": 0, "num_statements": 22, "percent_covered": 0.0, "percent_covered_display": "0", "missing_lines": 22, "excluded_lines": 0, "percent_statements_covered": 0.0, "percent_statements_covered_display": "0"}, "missing_lines": [1103, 1105, 1127, 1128, 1129, 1131, 1133, 1134, 1139, 1140, 1145, 1146, 1149, 1150, 1153, 1157, 1160, 1164, 1165, 1166, 1169, 1171], "excluded_lines": [], "start_line": 1101}, "audit_operation": {"executed_lines": [], "summary": {"covered_lines": 0, "num_statements": 2, "percent_covered": 0.0, "percent_covered_display": "0", "missing_lines": 2, "excluded_lines": 0, "percent_statements_covered": 0.0, "percent_statements_covered_display": "0"}, "missing_lines": [1186, 1202], "excluded_lines": [], "start_line": 1177}, "audit_operation.decorator": {"executed_lines": [], "summary": {"covered_lines": 0, "num_statements": 2, "percent_covered": 0.0, "percent_covered_display": "0", "missing_lines": 2, "excluded_lines": 0, "percent_statements_covered": 0.0, "percent_statements_covered_display": "0"}, "missing_lines": [1187, 1200], "excluded_lines": [], "start_line": 1186}, "audit_operation.decorator.wrapper": {"executed_lines": [], "summary": {"covered_lines": 0, "num_statements": 6, "percent_covered": 0.0, "percent_covered_display": "0", "missing_lines": 6, "excluded_lines": 0, "percent_statements_covered": 0.0, "percent_statements_covered_display": "0"}, "missing_lines": [1188, 1191, 1194, 1195, 1197, 1198], "excluded_lines": [], "start_line": 1187}, "create_default_audit_logger": {"executed_lines": [], "summary": {"covered_lines": 0, "num_statements": 5, "percent_covered": 0.0, "percent_covered_display": "0", "missing_lines": 5, "excluded_lines": 0, "percent_statements_covered": 0.0, "percent_statements_covered_display": "0"}, "missing_lines": [1207, 1208, 1210, 1211, 1213], "excluded_lines": [], "start_line": 1205}, "": {"executed_lines": [], "summary": {"covered_lines": 0, "num_statements": 109, "percent_covered": 0.0, "percent_covered_display": "0", "missing_lines": 109, "excluded_lines": 0, "percent_statements_covered": 0.0, "percent_statements_covered_display": "0"}, "missing_lines": [15, 16, 17, 18, 19, 20, 21, 22, 23, 24, 25, 26, 28, 29, 30, 38, 41, 42, 43, 44, 45, 46, 47, 48, 49, 50, 53, 56, 57, 58, 59, 62, 63, 73, 74, 75, 76, 77, 78, 80, 87, 95, 96, 102, 108, 109, 115, 117, 126, 127, 137, 140, 149, 156, 166, 182, 188, 203, 206, 207, 210, 211, 221, 222, 231, 232, 235, 236, 240, 243, 249, 254, 268, 321, 382, 395, 423, 426, 450, 454, 463, 499, 535, 567, 605, 634, 661, 685, 689, 700, 710, 714, 747, 750, 767, 772, 791, 806, 809, 821, 846, 907, 952, 1010, 1013, 1018, 1101, 1177, 1205], "excluded_lines": [], "start_line": 1}}, "classes": {"AuditEventType": {"executed_lines": [], "summary": {"covered_lines": 0, "num_statements": 0, "percent_covered": 100.0, "percent_covered_display": "100", "missing_lines": 0, "excluded_lines": 0, "percent_statements_covered": 100.0, "percent_statements_covered_display": "100"}, "missing_lines": [], "excluded_lines": [], "start_line": 38}, "AuditSeverity": {"executed_lines": [], "summary": {"covered_lines": 0, "num_statements": 0, "percent_covered": 100.0, "percent_covered_display": "100", "missing_lines": 0, "excluded_lines": 0, "percent_statements_covered": 100.0, "percent_statements_covered_display": "100"}, "missing_lines": [], "excluded_lines": [], "start_line": 53}, "AuditEvent": {"executed_lines": [], "summary": {"covered_lines": 0, "num_statements": 14, "percent_covered": 0.0, "percent_covered_display": "0", "missing_lines": 14, "excluded_lines": 0, "percent_statements_covered": 0.0, "percent_statements_covered_display": "0"}, "missing_lines": [82, 83, 84, 85, 89, 90, 91, 92, 93, 98, 99, 100, 104, 105], "excluded_lines": [], "start_line": 63}, "SignedAuditRecord": {"executed_lines": [], "summary": {"covered_lines": 0, "num_statements": 2, "percent_covered": 0.0, "percent_covered_display": "0", "missing_lines": 2, "excluded_lines": 0, "percent_statements_covered": 0.0, "percent_statements_covered_display": "0"}, "missing_lines": [119, 129], "excluded_lines": [], "start_line": 109}, "CryptographicSigner": {"executed_lines": [], "summary": {"covered_lines": 0, "num_statements": 23, "percent_covered": 0.0, "percent_covered_display": "0", "missing_lines": 23, "excluded_lines": 0, "percent_statements_covered": 0.0, "percent_statements_covered_display": "0"}, "missing_lines": [142, 143, 145, 146, 147, 151, 154, 158, 159, 164, 168, 169, 170, 172, 178, 179, 180, 184, 190, 191, 192, 194, 196], "excluded_lines": [], "start_line": 137}, "AuditStorage": {"executed_lines": [], "summary": {"covered_lines": 0, "num_statements": 0, "percent_covered": 100.0, "percent_covered_display": "100", "missing_lines": 0, "excluded_lines": 0, "percent_statements_covered": 100.0, "percent_statements_covered_display": "100"}, "missing_lines": [], "excluded_lines": [], "start_line": 203}, "FileAuditStorage": {"executed_lines": [], "summary": {"covered_lines": 0, "num_statements": 88, "percent_covered": 0.0, "percent_covered_display": "0", "missing_lines": 88, "excluded_lines": 0, "percent_statements_covered": 0.0, "percent_statements_covered_display": "0"}, "missing_lines": [245, 246, 247, 251, 252, 256, 257, 259, 260, 261, 263, 264, 265, 266, 277, 280, 281, 282, 283, 285, 286, 288, 289, 291, 292, 293, 294, 295, 296, 297, 300, 301, 302, 303, 304, 305, 306, 307, 309, 311, 312, 314, 315, 317, 319, 329, 330, 332, 333, 334, 341, 343, 344, 346, 347, 348, 359, 360, 362, 363, 374, 376, 378, 379, 380, 384, 386, 387, 388, 389, 390, 391, 393, 397, 398, 400, 401, 403, 404, 406, 408, 409, 411, 412, 413, 417, 418, 420], "excluded_lines": [], "start_line": 240}, "AuditLogger": {"executed_lines": [], "summary": {"covered_lines": 0, "num_statements": 65, "percent_covered": 0.0, "percent_covered_display": "0", "missing_lines": 65, "excluded_lines": 0, "percent_statements_covered": 0.0, "percent_statements_covered_display": "0"}, "missing_lines": [433, 434, 435, 437, 438, 440, 441, 442, 443, 446, 448, 452, 456, 457, 459, 461, 475, 476, 478, 497, 512, 514, 533, 547, 565, 579, 580, 581, 582, 583, 585, 603, 615, 632, 643, 659, 663, 664, 666, 672, 674, 675, 676, 678, 679, 681, 682, 683, 687, 698, 708, 712, 716, 719, 723, 724, 725, 727, 728, 729, 730, 732, 733, 734, 736], "excluded_lines": [], "start_line": 423}, "AuditContextManager": {"executed_lines": [], "summary": {"covered_lines": 0, "num_statements": 18, "percent_covered": 0.0, "percent_covered_display": "0", "missing_lines": 18, "excluded_lines": 0, "percent_statements_covered": 0.0, "percent_statements_covered_display": "0"}, "missing_lines": [759, 760, 761, 762, 763, 764, 765, 769, 770, 774, 775, 777, 779, 787, 789, 793, 794, 796], "excluded_lines": [], "start_line": 747}, "ComplianceAuditLogger": {"executed_lines": [], "summary": {"covered_lines": 0, "num_statements": 57, "percent_covered": 0.0, "percent_covered_display": "0", "missing_lines": 57, "excluded_lines": 0, "percent_statements_covered": 0.0, "percent_statements_covered_display": "0"}, "missing_lines": [817, 818, 819, 823, 826, 827, 828, 829, 835, 836, 837, 839, 841, 842, 844, 850, 853, 854, 855, 856, 865, 868, 893, 894, 897, 898, 900, 905, 911, 913, 922, 923, 924, 926, 927, 929, 930, 931, 939, 940, 941, 942, 950, 954, 956, 957, 964, 977, 978, 979, 982, 983, 986, 987, 988, 999, 1001], "excluded_lines": [], "start_line": 806}, "AuditLogAnalyzer": {"executed_lines": [], "summary": {"covered_lines": 0, "num_statements": 52, "percent_covered": 0.0, "percent_covered_display": "0", "missing_lines": 52, "excluded_lines": 0, "percent_statements_covered": 0.0, "percent_statements_covered_display": "0"}, "missing_lines": [1015, 1016, 1020, 1021, 1023, 1032, 1033, 1034, 1035, 1036, 1043, 1045, 1046, 1048, 1049, 1054, 1055, 1058, 1060, 1061, 1062, 1063, 1073, 1076, 1078, 1079, 1089, 1090, 1091, 1099, 1103, 1105, 1127, 1128, 1129, 1131, 1133, 1134, 1139, 1140, 1145, 1146, 1149, 1150, 1153, 1157, 1160, 1164, 1165, 1166, 1169, 1171], "excluded_lines": [], "start_line": 1010}, "": {"executed_lines": [], "summary": {"covered_lines": 0, "num_statements": 124, "percent_covered": 0.0, "percent_covered_display": "0", "missing_lines": 124, "excluded_lines": 0, "percent_statements_covered": 0.0, "percent_statements_covered_display": "0"}, "missing_lines": [15, 16, 17, 18, 19, 20, 21, 22, 23, 24, 25, 26, 28, 29, 30, 38, 41, 42, 43, 44, 45, 46, 47, 48, 49, 50, 53, 56, 57, 58, 59, 62, 63, 73, 74, 75, 76, 77, 78, 80, 87, 95, 96, 102, 108, 109, 115, 117, 126, 127, 137, 140, 149, 156, 166, 182, 188, 203, 206, 207, 210, 211, 221, 222, 231, 232, 235, 236, 240, 243, 249, 254, 268, 321, 382, 395, 423, 426, 450, 454, 463, 499, 535, 567, 605, 634, 661, 685, 689, 700, 710, 714, 747, 750, 767, 772, 791, 806, 809, 821, 846, 907, 952, 1010, 1013, 1018, 1101, 1177, 1186, 1187, 1188, 1191, 1194, 1195, 1197, 1198, 1200, 1202, 1205, 1207, 1208, 1210, 1211, 1213], "excluded_lines": [], "start_line": 1}}}, "src\\clinical\\batch_inference.py": {"executed_lines": [], "summary": {"covered_lines": 0, "num_statements": 239, "percent_covered": 0.0, "percent_covered_display": "0", "missing_lines": 239, "excluded_lines": 0, "percent_statements_covered": 0.0, "percent_statements_covered_display": "0"}, "missing_lines": [8, 9, 10, 11, 12, 13, 14, 15, 16, 18, 20, 22, 25, 26, 31, 32, 33, 34, 36, 37, 38, 41, 42, 49, 50, 53, 65, 73, 74, 75, 76, 77, 80, 81, 82, 85, 86, 87, 90, 101, 103, 105, 107, 108, 109, 111, 114, 115, 118, 119, 121, 123, 125, 126, 128, 131, 132, 134, 135, 137, 139, 161, 162, 164, 165, 173, 174, 175, 177, 178, 179, 180, 184, 185, 187, 188, 190, 203, 205, 206, 207, 208, 209, 211, 212, 214, 216, 220, 222, 223, 224, 225, 226, 228, 229, 231, 233, 235, 236, 238, 239, 241, 243, 244, 245, 248, 250, 251, 252, 254, 256, 258, 259, 262, 266, 267, 268, 270, 271, 273, 274, 275, 276, 279, 281, 283, 285, 286, 288, 290, 292, 293, 294, 299, 302, 303, 304, 305, 307, 316, 319, 320, 321, 324, 330, 331, 332, 339, 340, 341, 342, 343, 345, 346, 349, 350, 352, 361, 363, 364, 366, 368, 369, 370, 372, 374, 375, 378, 379, 380, 382, 383, 385, 386, 390, 392, 394, 396, 397, 408, 410, 411, 413, 415, 418, 423, 429, 430, 431, 433, 434, 437, 438, 440, 442, 443, 445, 446, 449, 451, 453, 455, 456, 458, 460, 461, 463, 465, 467, 468, 469, 470, 475, 487, 490, 491, 494, 496, 498, 499, 500, 502, 504, 506, 507, 512, 513, 518, 519, 521, 522, 526, 528, 529, 531, 533, 536, 537, 539], "excluded_lines": [], "functions": {"InferenceRequest.__post_init__": {"executed_lines": [], "summary": {"covered_lines": 0, "num_statements": 2, "percent_covered": 0.0, "percent_covered_display": "0", "missing_lines": 2, "excluded_lines": 0, "percent_statements_covered": 0.0, "percent_statements_covered_display": "0"}, "missing_lines": [37, 38], "excluded_lines": [], "start_line": 36}, "ConcurrentInferenceManager.__init__": {"executed_lines": [], "summary": {"covered_lines": 0, "num_statements": 14, "percent_covered": 0.0, "percent_covered_display": "0", "missing_lines": 14, "excluded_lines": 0, "percent_statements_covered": 0.0, "percent_statements_covered_display": "0"}, "missing_lines": [73, 74, 75, 76, 77, 80, 81, 82, 85, 86, 87, 90, 101, 103], "excluded_lines": [], "start_line": 65}, "ConcurrentInferenceManager.start": {"executed_lines": [], "summary": {"covered_lines": 0, "num_statements": 9, "percent_covered": 0.0, "percent_covered_display": "0", "missing_lines": 9, "excluded_lines": 0, "percent_statements_covered": 0.0, "percent_statements_covered_display": "0"}, "missing_lines": [107, 108, 109, 111, 114, 115, 118, 119, 121], "excluded_lines": [], "start_line": 105}, "ConcurrentInferenceManager.stop": {"executed_lines": [], "summary": {"covered_lines": 0, "num_statements": 8, "percent_covered": 0.0, "percent_covered_display": "0", "missing_lines": 8, "excluded_lines": 0, "percent_statements_covered": 0.0, "percent_statements_covered_display": "0"}, "missing_lines": [125, 126, 128, 131, 132, 134, 135, 137], "excluded_lines": [], "start_line": 123}, "ConcurrentInferenceManager.submit_request": {"executed_lines": [], "summary": {"covered_lines": 0, "num_statements": 15, "percent_covered": 0.0, "percent_covered_display": "0", "missing_lines": 15, "excluded_lines": 0, "percent_statements_covered": 0.0, "percent_statements_covered_display": "0"}, "missing_lines": [161, 162, 164, 165, 173, 174, 175, 177, 178, 179, 180, 184, 185, 187, 188], "excluded_lines": [], "start_line": 139}, "ConcurrentInferenceManager.get_result": {"executed_lines": [], "summary": {"covered_lines": 0, "num_statements": 9, "percent_covered": 0.0, "percent_covered_display": "0", "missing_lines": 9, "excluded_lines": 0, "percent_statements_covered": 0.0, "percent_statements_covered_display": "0"}, "missing_lines": [203, 205, 206, 207, 208, 209, 211, 212, 214], "excluded_lines": [], "start_line": 190}, "ConcurrentInferenceManager.get_result_async": {"executed_lines": [], "summary": {"covered_lines": 0, "num_statements": 9, "percent_covered": 0.0, "percent_covered_display": "0", "missing_lines": 9, "excluded_lines": 0, "percent_statements_covered": 0.0, "percent_statements_covered_display": "0"}, "missing_lines": [220, 222, 223, 224, 225, 226, 228, 229, 231], "excluded_lines": [], "start_line": 216}, "ConcurrentInferenceManager._worker_loop": {"executed_lines": [], "summary": {"covered_lines": 0, "num_statements": 13, "percent_covered": 0.0, "percent_covered_display": "0", "missing_lines": 13, "excluded_lines": 0, "percent_statements_covered": 0.0, "percent_statements_covered_display": "0"}, "missing_lines": [235, 236, 238, 239, 241, 243, 244, 245, 248, 250, 251, 252, 254], "excluded_lines": [], "start_line": 233}, "ConcurrentInferenceManager._get_request_batch": {"executed_lines": [], "summary": {"covered_lines": 0, "num_statements": 14, "percent_covered": 0.0, "percent_covered_display": "0", "missing_lines": 14, "excluded_lines": 0, "percent_statements_covered": 0.0, "percent_statements_covered_display": "0"}, "missing_lines": [258, 259, 262, 266, 267, 268, 270, 271, 273, 274, 275, 276, 279, 281], "excluded_lines": [], "start_line": 256}, "ConcurrentInferenceManager._process_request_batch": {"executed_lines": [], "summary": {"covered_lines": 0, "num_statements": 34, "percent_covered": 0.0, "percent_covered_display": "0", "missing_lines": 34, "excluded_lines": 0, "percent_statements_covered": 0.0, "percent_statements_covered_display": "0"}, "missing_lines": [285, 286, 288, 290, 292, 293, 294, 299, 302, 303, 304, 305, 307, 316, 319, 320, 321, 324, 330, 331, 332, 339, 340, 341, 342, 343, 345, 346, 349, 350, 352, 361, 363, 364], "excluded_lines": [], "start_line": 283}, "ConcurrentInferenceManager._update_average": {"executed_lines": [], "summary": {"covered_lines": 0, "num_statements": 3, "percent_covered": 0.0, "percent_covered_display": "0", "missing_lines": 3, "excluded_lines": 0, "percent_statements_covered": 0.0, "percent_statements_covered_display": "0"}, "missing_lines": [368, 369, 370], "excluded_lines": [], "start_line": 366}, "ConcurrentInferenceManager.get_statistics": {"executed_lines": [], "summary": {"covered_lines": 0, "num_statements": 11, "percent_covered": 0.0, "percent_covered_display": "0", "missing_lines": 11, "excluded_lines": 0, "percent_statements_covered": 0.0, "percent_statements_covered_display": "0"}, "missing_lines": [374, 375, 378, 379, 380, 382, 383, 385, 386, 390, 392], "excluded_lines": [], "start_line": 372}, "ConcurrentInferenceManager.reset_statistics": {"executed_lines": [], "summary": {"covered_lines": 0, "num_statements": 2, "percent_covered": 0.0, "percent_covered_display": "0", "missing_lines": 2, "excluded_lines": 0, "percent_statements_covered": 0.0, "percent_statements_covered_display": "0"}, "missing_lines": [396, 397], "excluded_lines": [], "start_line": 394}, "ConcurrentInferenceManager.__enter__": {"executed_lines": [], "summary": {"covered_lines": 0, "num_statements": 2, "percent_covered": 0.0, "percent_covered_display": "0", "missing_lines": 2, "excluded_lines": 0, "percent_statements_covered": 0.0, "percent_statements_covered_display": "0"}, "missing_lines": [410, 411], "excluded_lines": [], "start_line": 408}, "ConcurrentInferenceManager.__exit__": {"executed_lines": [], "summary": {"covered_lines": 0, "num_statements": 1, "percent_covered": 0.0, "percent_covered_display": "0", "missing_lines": 1, "excluded_lines": 0, "percent_statements_covered": 0.0, "percent_statements_covered_display": "0"}, "missing_lines": [415], "excluded_lines": [], "start_line": 413}, "PerformanceMonitor.__init__": {"executed_lines": [], "summary": {"covered_lines": 0, "num_statements": 7, "percent_covered": 0.0, "percent_covered_display": "0", "missing_lines": 7, "excluded_lines": 0, "percent_statements_covered": 0.0, "percent_statements_covered_display": "0"}, "missing_lines": [429, 430, 431, 433, 434, 437, 438], "excluded_lines": [], "start_line": 423}, "PerformanceMonitor.start_monitoring": {"executed_lines": [], "summary": {"covered_lines": 0, "num_statements": 6, "percent_covered": 0.0, "percent_covered_display": "0", "missing_lines": 6, "excluded_lines": 0, "percent_statements_covered": 0.0, "percent_statements_covered_display": "0"}, "missing_lines": [442, 443, 445, 446, 449, 451], "excluded_lines": [], "start_line": 440}, "PerformanceMonitor.stop_monitoring": {"executed_lines": [], "summary": {"covered_lines": 0, "num_statements": 6, "percent_covered": 0.0, "percent_covered_display": "0", "missing_lines": 6, "excluded_lines": 0, "percent_statements_covered": 0.0, "percent_statements_covered_display": "0"}, "missing_lines": [455, 456, 458, 460, 461, 463], "excluded_lines": [], "start_line": 453}, "PerformanceMonitor._monitoring_loop": {"executed_lines": [], "summary": {"covered_lines": 0, "num_statements": 13, "percent_covered": 0.0, "percent_covered_display": "0", "missing_lines": 13, "excluded_lines": 0, "percent_statements_covered": 0.0, "percent_statements_covered_display": "0"}, "missing_lines": [467, 468, 469, 470, 475, 487, 490, 491, 494, 496, 498, 499, 500], "excluded_lines": [], "start_line": 465}, "PerformanceMonitor._check_performance_alerts": {"executed_lines": [], "summary": {"covered_lines": 0, "num_statements": 9, "percent_covered": 0.0, "percent_covered_display": "0", "missing_lines": 9, "excluded_lines": 0, "percent_statements_covered": 0.0, "percent_statements_covered_display": "0"}, "missing_lines": [504, 506, 507, 512, 513, 518, 519, 521, 522], "excluded_lines": [], "start_line": 502}, "PerformanceMonitor.get_performance_report": {"executed_lines": [], "summary": {"covered_lines": 0, "num_statements": 7, "percent_covered": 0.0, "percent_covered_display": "0", "missing_lines": 7, "excluded_lines": 0, "percent_statements_covered": 0.0, "percent_statements_covered_display": "0"}, "missing_lines": [528, 529, 531, 533, 536, 537, 539], "excluded_lines": [], "start_line": 526}, "": {"executed_lines": [], "summary": {"covered_lines": 0, "num_statements": 45, "percent_covered": 0.0, "percent_covered_display": "0", "missing_lines": 45, "excluded_lines": 0, "percent_statements_covered": 0.0, "percent_statements_covered_display": "0"}, "missing_lines": [8, 9, 10, 11, 12, 13, 14, 15, 16, 18, 20, 22, 25, 26, 31, 32, 33, 34, 36, 41, 42, 49, 50, 53, 65, 105, 123, 139, 190, 216, 233, 256, 283, 366, 372, 394, 408, 413, 418, 423, 440, 453, 465, 502, 526], "excluded_lines": [], "start_line": 1}}, "classes": {"InferenceRequest": {"executed_lines": [], "summary": {"covered_lines": 0, "num_statements": 2, "percent_covered": 0.0, "percent_covered_display": "0", "missing_lines": 2, "excluded_lines": 0, "percent_statements_covered": 0.0, "percent_statements_covered_display": "0"}, "missing_lines": [37, 38], "excluded_lines": [], "start_line": 26}, "InferenceResult": {"executed_lines": [], "summary": {"covered_lines": 0, "num_statements": 0, "percent_covered": 100.0, "percent_covered_display": "100", "missing_lines": 0, "excluded_lines": 0, "percent_statements_covered": 100.0, "percent_statements_covered_display": "100"}, "missing_lines": [], "excluded_lines": [], "start_line": 42}, "ConcurrentInferenceManager": {"executed_lines": [], "summary": {"covered_lines": 0, "num_statements": 144, "percent_covered": 0.0, "percent_covered_display": "0", "missing_lines": 144, "excluded_lines": 0, "percent_statements_covered": 0.0, "percent_statements_covered_display": "0"}, "missing_lines": [73, 74, 75, 76, 77, 80, 81, 82, 85, 86, 87, 90, 101, 103, 107, 108, 109, 111, 114, 115, 118, 119, 121, 125, 126, 128, 131, 132, 134, 135, 137, 161, 162, 164, 165, 173, 174, 175, 177, 178, 179, 180, 184, 185, 187, 188, 203, 205, 206, 207, 208, 209, 211, 212, 214, 220, 222, 223, 224, 225, 226, 228, 229, 231, 235, 236, 238, 239, 241, 243, 244, 245, 248, 250, 251, 252, 254, 258, 259, 262, 266, 267, 268, 270, 271, 273, 274, 275, 276, 279, 281, 285, 286, 288, 290, 292, 293, 294, 299, 302, 303, 304, 305, 307, 316, 319, 320, 321, 324, 330, 331, 332, 339, 340, 341, 342, 343, 345, 346, 349, 350, 352, 361, 363, 364, 368, 369, 370, 374, 375, 378, 379, 380, 382, 383, 385, 386, 390, 392, 396, 397, 410, 411, 415], "excluded_lines": [], "start_line": 53}, "PerformanceMonitor": {"executed_lines": [], "summary": {"covered_lines": 0, "num_statements": 48, "percent_covered": 0.0, "percent_covered_display": "0", "missing_lines": 48, "excluded_lines": 0, "percent_statements_covered": 0.0, "percent_statements_covered_display": "0"}, "missing_lines": [429, 430, 431, 433, 434, 437, 438, 442, 443, 445, 446, 449, 451, 455, 456, 458, 460, 461, 463, 467, 468, 469, 470, 475, 487, 490, 491, 494, 496, 498, 499, 500, 504, 506, 507, 512, 513, 518, 519, 521, 522, 528, 529, 531, 533, 536, 537, 539], "excluded_lines": [], "start_line": 418}, "": {"executed_lines": [], "summary": {"covered_lines": 0, "num_statements": 45, "percent_covered": 0.0, "percent_covered_display": "0", "missing_lines": 45, "excluded_lines": 0, "percent_statements_covered": 0.0, "percent_statements_covered_display": "0"}, "missing_lines": [8, 9, 10, 11, 12, 13, 14, 15, 16, 18, 20, 22, 25, 26, 31, 32, 33, 34, 36, 41, 42, 49, 50, 53, 65, 105, 123, 139, 190, 216, 233, 256, 283, 366, 372, 394, 408, 413, 418, 423, 440, 453, 465, 502, 526], "excluded_lines": [], "start_line": 1}}}, "src\\clinical\\classifier.py": {"executed_lines": [], "summary": {"covered_lines": 0, "num_statements": 75, "percent_covered": 0.0, "percent_covered_display": "0", "missing_lines": 75, "excluded_lines": 0, "percent_statements_covered": 0.0, "percent_statements_covered_display": "0"}, "missing_lines": [9, 10, 12, 13, 14, 16, 18, 21, 66, 74, 76, 77, 79, 80, 81, 82, 83, 86, 87, 88, 91, 93, 102, 106, 111, 136, 137, 141, 142, 145, 148, 151, 154, 160, 161, 163, 165, 181, 184, 185, 187, 189, 202, 203, 206, 207, 208, 210, 212, 229, 230, 233, 236, 237, 238, 239, 240, 242, 244, 258, 259, 263, 264, 265, 268, 269, 270, 273, 274, 282, 286, 291, 298, 307, 309], "excluded_lines": [], "functions": {"MultiClassDiseaseClassifier.__init__": {"executed_lines": [], "summary": {"covered_lines": 0, "num_statements": 15, "percent_covered": 0.0, "percent_covered_display": "0", "missing_lines": 15, "excluded_lines": 0, "percent_statements_covered": 0.0, "percent_statements_covered_display": "0"}, "missing_lines": [74, 76, 77, 79, 80, 81, 82, 83, 86, 87, 88, 91, 93, 102, 106], "excluded_lines": [], "start_line": 66}, "MultiClassDiseaseClassifier.forward": {"executed_lines": [], "summary": {"covered_lines": 0, "num_statements": 11, "percent_covered": 0.0, "percent_covered_display": "0", "missing_lines": 11, "excluded_lines": 0, "percent_statements_covered": 0.0, "percent_statements_covered_display": "0"}, "missing_lines": [136, 137, 141, 142, 145, 148, 151, 154, 160, 161, 163], "excluded_lines": [], "start_line": 111}, "MultiClassDiseaseClassifier.predict_disease_ids": {"executed_lines": [], "summary": {"covered_lines": 0, "num_statements": 4, "percent_covered": 0.0, "percent_covered_display": "0", "missing_lines": 4, "excluded_lines": 0, "percent_statements_covered": 0.0, "percent_statements_covered_display": "0"}, "missing_lines": [181, 184, 185, 187], "excluded_lines": [], "start_line": 165}, "MultiClassDiseaseClassifier.get_disease_probabilities": {"executed_lines": [], "summary": {"covered_lines": 0, "num_statements": 6, "percent_covered": 0.0, "percent_covered_display": "0", "missing_lines": 6, "excluded_lines": 0, "percent_statements_covered": 0.0, "percent_statements_covered_display": "0"}, "missing_lines": [202, 203, 206, 207, 208, 210], "excluded_lines": [], "start_line": 189}, "MultiClassDiseaseClassifier.get_top_k_diagnoses": {"executed_lines": [], "summary": {"covered_lines": 0, "num_statements": 9, "percent_covered": 0.0, "percent_covered_display": "0", "missing_lines": 9, "excluded_lines": 0, "percent_statements_covered": 0.0, "percent_statements_covered_display": "0"}, "missing_lines": [229, 230, 233, 236, 237, 238, 239, 240, 242], "excluded_lines": [], "start_line": 212}, "MultiClassDiseaseClassifier.update_taxonomy": {"executed_lines": [], "summary": {"covered_lines": 0, "num_statements": 12, "percent_covered": 0.0, "percent_covered_display": "0", "missing_lines": 12, "excluded_lines": 0, "percent_statements_covered": 0.0, "percent_statements_covered_display": "0"}, "missing_lines": [258, 259, 263, 264, 265, 268, 269, 270, 273, 274, 282, 286], "excluded_lines": [], "start_line": 244}, "MultiClassDiseaseClassifier.get_taxonomy_info": {"executed_lines": [], "summary": {"covered_lines": 0, "num_statements": 1, "percent_covered": 0.0, "percent_covered_display": "0", "missing_lines": 1, "excluded_lines": 0, "percent_statements_covered": 0.0, "percent_statements_covered_display": "0"}, "missing_lines": [298], "excluded_lines": [], "start_line": 291}, "MultiClassDiseaseClassifier.__repr__": {"executed_lines": [], "summary": {"covered_lines": 0, "num_statements": 1, "percent_covered": 0.0, "percent_covered_display": "0", "missing_lines": 1, "excluded_lines": 0, "percent_statements_covered": 0.0, "percent_statements_covered_display": "0"}, "missing_lines": [309], "excluded_lines": [], "start_line": 307}, "": {"executed_lines": [], "summary": {"covered_lines": 0, "num_statements": 16, "percent_covered": 0.0, "percent_covered_display": "0", "missing_lines": 16, "excluded_lines": 0, "percent_statements_covered": 0.0, "percent_statements_covered_display": "0"}, "missing_lines": [9, 10, 12, 13, 14, 16, 18, 21, 66, 111, 165, 189, 212, 244, 291, 307], "excluded_lines": [], "start_line": 1}}, "classes": {"MultiClassDiseaseClassifier": {"executed_lines": [], "summary": {"covered_lines": 0, "num_statements": 59, "percent_covered": 0.0, "percent_covered_display": "0", "missing_lines": 59, "excluded_lines": 0, "percent_statements_covered": 0.0, "percent_statements_covered_display": "0"}, "missing_lines": [74, 76, 77, 79, 80, 81, 82, 83, 86, 87, 88, 91, 93, 102, 106, 136, 137, 141, 142, 145, 148, 151, 154, 160, 161, 163, 181, 184, 185, 187, 202, 203, 206, 207, 208, 210, 229, 230, 233, 236, 237, 238, 239, 240, 242, 258, 259, 263, 264, 265, 268, 269, 270, 273, 274, 282, 286, 298, 309], "excluded_lines": [], "start_line": 21}, "": {"executed_lines": [], "summary": {"covered_lines": 0, "num_statements": 16, "percent_covered": 0.0, "percent_covered_display": "0", "missing_lines": 16, "excluded_lines": 0, "percent_statements_covered": 0.0, "percent_statements_covered_display": "0"}, "missing_lines": [9, 10, 12, 13, 14, 16, 18, 21, 66, 111, 165, 189, 212, 244, 291, 307], "excluded_lines": [], "start_line": 1}}}, "src\\clinical\\dicom_adapter.py": {"executed_lines": [], "summary": {"covered_lines": 0, "num_statements": 204, "percent_covered": 0.0, "percent_covered_display": "0", "missing_lines": 204, "excluded_lines": 0, "percent_statements_covered": 0.0, "percent_statements_covered_display": "0"}, "missing_lines": [11, 12, 13, 14, 15, 17, 18, 19, 30, 33, 34, 35, 36, 37, 38, 41, 42, 51, 52, 53, 54, 55, 56, 57, 58, 59, 60, 61, 62, 64, 66, 88, 89, 96, 97, 98, 99, 100, 101, 104, 118, 132, 133, 134, 136, 153, 154, 155, 158, 161, 164, 166, 168, 182, 191, 192, 193, 196, 206, 207, 208, 209, 210, 211, 212, 213, 214, 215, 216, 217, 218, 219, 220, 221, 222, 223, 224, 225, 228, 229, 232, 233, 240, 241, 242, 244, 246, 262, 270, 271, 272, 275, 276, 277, 278, 279, 280, 283, 284, 285, 286, 288, 290, 292, 314, 315, 318, 319, 320, 321, 322, 325, 333, 334, 335, 336, 337, 340, 341, 342, 343, 344, 345, 348, 349, 350, 351, 354, 355, 356, 359, 360, 363, 365, 366, 369, 372, 373, 374, 375, 378, 379, 382, 383, 384, 385, 388, 391, 394, 395, 396, 397, 398, 401, 404, 407, 408, 409, 410, 411, 414, 415, 418, 419, 420, 421, 422, 425, 426, 428, 431, 432, 435, 437, 439, 441, 442, 443, 444, 445, 447, 449, 450, 451, 454, 456, 473, 475, 476, 477, 480, 481, 482, 483, 488, 490, 517, 522, 553, 558, 570, 571, 573, 582], "excluded_lines": [], "functions": {"DICOMMetadata.to_dict": {"executed_lines": [], "summary": {"covered_lines": 0, "num_statements": 1, "percent_covered": 0.0, "percent_covered_display": "0", "missing_lines": 1, "excluded_lines": 0, "percent_statements_covered": 0.0, "percent_statements_covered_display": "0"}, "missing_lines": [66], "excluded_lines": [], "start_line": 64}, "DICOMAdapter.__init__": {"executed_lines": [], "summary": {"covered_lines": 0, "num_statements": 3, "percent_covered": 0.0, "percent_covered_display": "0", "missing_lines": 3, "excluded_lines": 0, "percent_statements_covered": 0.0, "percent_statements_covered_display": "0"}, "missing_lines": [132, 133, 134], "excluded_lines": [], "start_line": 118}, "DICOMAdapter.read_wsi": {"executed_lines": [], "summary": {"covered_lines": 0, "num_statements": 7, "percent_covered": 0.0, "percent_covered_display": "0", "missing_lines": 7, "excluded_lines": 0, "percent_statements_covered": 0.0, "percent_statements_covered_display": "0"}, "missing_lines": [153, 154, 155, 158, 161, 164, 166], "excluded_lines": [], "start_line": 136}, "DICOMAdapter._extract_metadata": {"executed_lines": [], "summary": {"covered_lines": 0, "num_statements": 33, "percent_covered": 0.0, "percent_covered_display": "0", "missing_lines": 33, "excluded_lines": 0, "percent_statements_covered": 0.0, "percent_statements_covered_display": "0"}, "missing_lines": [182, 191, 192, 193, 196, 206, 207, 208, 209, 210, 211, 212, 213, 214, 215, 216, 217, 218, 219, 220, 221, 222, 223, 224, 225, 228, 229, 232, 233, 240, 241, 242, 244], "excluded_lines": [], "start_line": 168}, "DICOMAdapter.validate_dicom_integrity": {"executed_lines": [], "summary": {"covered_lines": 0, "num_statements": 16, "percent_covered": 0.0, "percent_covered_display": "0", "missing_lines": 16, "excluded_lines": 0, "percent_statements_covered": 0.0, "percent_statements_covered_display": "0"}, "missing_lines": [262, 270, 271, 272, 275, 276, 277, 278, 279, 280, 283, 284, 285, 286, 288, 290], "excluded_lines": [], "start_line": 246}, "DICOMAdapter.write_structured_report": {"executed_lines": [], "summary": {"covered_lines": 0, "num_statements": 70, "percent_covered": 0.0, "percent_covered_display": "0", "missing_lines": 70, "excluded_lines": 0, "percent_statements_covered": 0.0, "percent_statements_covered_display": "0"}, "missing_lines": [314, 315, 318, 319, 320, 321, 322, 325, 333, 334, 335, 336, 337, 340, 341, 342, 343, 344, 345, 348, 349, 350, 351, 354, 355, 356, 359, 360, 363, 365, 366, 369, 372, 373, 374, 375, 378, 379, 382, 383, 384, 385, 388, 391, 394, 395, 396, 397, 398, 401, 404, 407, 408, 409, 410, 411, 414, 415, 418, 419, 420, 421, 422, 425, 426, 428, 431, 432, 435, 437], "excluded_lines": [], "start_line": 292}, "DICOMAdapter._create_code_item": {"executed_lines": [], "summary": {"covered_lines": 0, "num_statements": 5, "percent_covered": 0.0, "percent_covered_display": "0", "missing_lines": 5, "excluded_lines": 0, "percent_statements_covered": 0.0, "percent_statements_covered_display": "0"}, "missing_lines": [441, 442, 443, 444, 445], "excluded_lines": [], "start_line": 439}, "DICOMAdapter._create_numeric_value": {"executed_lines": [], "summary": {"covered_lines": 0, "num_statements": 4, "percent_covered": 0.0, "percent_covered_display": "0", "missing_lines": 4, "excluded_lines": 0, "percent_statements_covered": 0.0, "percent_statements_covered_display": "0"}, "missing_lines": [449, 450, 451, 454], "excluded_lines": [], "start_line": 447}, "DICOMAdapter.read_multi_series": {"executed_lines": [], "summary": {"covered_lines": 0, "num_statements": 9, "percent_covered": 0.0, "percent_covered_display": "0", "missing_lines": 9, "excluded_lines": 0, "percent_statements_covered": 0.0, "percent_statements_covered_display": "0"}, "missing_lines": [473, 475, 476, 477, 480, 481, 482, 483, 488], "excluded_lines": [], "start_line": 456}, "DICOMAdapter.query_pacs": {"executed_lines": [], "summary": {"covered_lines": 0, "num_statements": 1, "percent_covered": 0.0, "percent_covered_display": "0", "missing_lines": 1, "excluded_lines": 0, "percent_statements_covered": 0.0, "percent_statements_covered_display": "0"}, "missing_lines": [517], "excluded_lines": [], "start_line": 490}, "DICOMAdapter.retrieve_from_pacs": {"executed_lines": [], "summary": {"covered_lines": 0, "num_statements": 1, "percent_covered": 0.0, "percent_covered_display": "0", "missing_lines": 1, "excluded_lines": 0, "percent_statements_covered": 0.0, "percent_statements_covered_display": "0"}, "missing_lines": [553], "excluded_lines": [], "start_line": 522}, "DICOMAdapter.supports_transfer_syntax": {"executed_lines": [], "summary": {"covered_lines": 0, "num_statements": 2, "percent_covered": 0.0, "percent_covered_display": "0", "missing_lines": 2, "excluded_lines": 0, "percent_statements_covered": 0.0, "percent_statements_covered_display": "0"}, "missing_lines": [570, 571], "excluded_lines": [], "start_line": 558}, "DICOMAdapter.get_supported_transfer_syntaxes": {"executed_lines": [], "summary": {"covered_lines": 0, "num_statements": 1, "percent_covered": 0.0, "percent_covered_display": "0", "missing_lines": 1, "excluded_lines": 0, "percent_statements_covered": 0.0, "percent_statements_covered_display": "0"}, "missing_lines": [582], "excluded_lines": [], "start_line": 573}, "": {"executed_lines": [], "summary": {"covered_lines": 0, "num_statements": 51, "percent_covered": 0.0, "percent_covered_display": "0", "missing_lines": 51, "excluded_lines": 0, "percent_statements_covered": 0.0, "percent_statements_covered_display": "0"}, "missing_lines": [11, 12, 13, 14, 15, 17, 18, 19, 30, 33, 34, 35, 36, 37, 38, 41, 42, 51, 52, 53, 54, 55, 56, 57, 58, 59, 60, 61, 62, 64, 88, 89, 96, 97, 98, 99, 100, 101, 104, 118, 136, 168, 246, 292, 439, 447, 456, 490, 522, 558, 573], "excluded_lines": [], "start_line": 1}}, "classes": {"TransferSyntax": {"executed_lines": [], "summary": {"covered_lines": 0, "num_statements": 0, "percent_covered": 100.0, "percent_covered_display": "100", "missing_lines": 0, "excluded_lines": 0, "percent_statements_covered": 100.0, "percent_statements_covered_display": "100"}, "missing_lines": [], "excluded_lines": [], "start_line": 30}, "DICOMMetadata": {"executed_lines": [], "summary": {"covered_lines": 0, "num_statements": 1, "percent_covered": 0.0, "percent_covered_display": "0", "missing_lines": 1, "excluded_lines": 0, "percent_statements_covered": 0.0, "percent_statements_covered_display": "0"}, "missing_lines": [66], "excluded_lines": [], "start_line": 42}, "PredictionResult": {"executed_lines": [], "summary": {"covered_lines": 0, "num_statements": 0, "percent_covered": 100.0, "percent_covered_display": "100", "missing_lines": 0, "excluded_lines": 0, "percent_statements_covered": 100.0, "percent_statements_covered_display": "100"}, "missing_lines": [], "excluded_lines": [], "start_line": 89}, "DICOMAdapter": {"executed_lines": [], "summary": {"covered_lines": 0, "num_statements": 152, "percent_covered": 0.0, "percent_covered_display": "0", "missing_lines": 152, "excluded_lines": 0, "percent_statements_covered": 0.0, "percent_statements_covered_display": "0"}, "missing_lines": [132, 133, 134, 153, 154, 155, 158, 161, 164, 166, 182, 191, 192, 193, 196, 206, 207, 208, 209, 210, 211, 212, 213, 214, 215, 216, 217, 218, 219, 220, 221, 222, 223, 224, 225, 228, 229, 232, 233, 240, 241, 242, 244, 262, 270, 271, 272, 275, 276, 277, 278, 279, 280, 283, 284, 285, 286, 288, 290, 314, 315, 318, 319, 320, 321, 322, 325, 333, 334, 335, 336, 337, 340, 341, 342, 343, 344, 345, 348, 349, 350, 351, 354, 355, 356, 359, 360, 363, 365, 366, 369, 372, 373, 374, 375, 378, 379, 382, 383, 384, 385, 388, 391, 394, 395, 396, 397, 398, 401, 404, 407, 408, 409, 410, 411, 414, 415, 418, 419, 420, 421, 422, 425, 426, 428, 431, 432, 435, 437, 441, 442, 443, 444, 445, 449, 450, 451, 454, 473, 475, 476, 477, 480, 481, 482, 483, 488, 517, 553, 570, 571, 582], "excluded_lines": [], "start_line": 104}, "": {"executed_lines": [], "summary": {"covered_lines": 0, "num_statements": 51, "percent_covered": 0.0, "percent_covered_display": "0", "missing_lines": 51, "excluded_lines": 0, "percent_statements_covered": 0.0, "percent_statements_covered_display": "0"}, "missing_lines": [11, 12, 13, 14, 15, 17, 18, 19, 30, 33, 34, 35, 36, 37, 38, 41, 42, 51, 52, 53, 54, 55, 56, 57, 58, 59, 60, 61, 62, 64, 88, 89, 96, 97, 98, 99, 100, 101, 104, 118, 136, 168, 246, 292, 439, 447, 456, 490, 522, 558, 573], "excluded_lines": [], "start_line": 1}}}, "src\\clinical\\document_parser.py": {"executed_lines": [], "summary": {"covered_lines": 0, "num_statements": 225, "percent_covered": 0.0, "percent_covered_display": "0", "missing_lines": 225, "excluded_lines": 0, "percent_statements_covered": 0.0, "percent_statements_covered_display": "0"}, "missing_lines": [9, 10, 11, 12, 13, 14, 16, 19, 22, 23, 24, 25, 28, 31, 32, 33, 36, 37, 54, 55, 56, 57, 59, 61, 62, 63, 64, 66, 68, 70, 82, 83, 98, 99, 100, 101, 102, 103, 105, 107, 109, 111, 117, 119, 129, 145, 148, 166, 190, 216, 222, 228, 234, 239, 241, 255, 257, 258, 261, 264, 265, 266, 267, 268, 269, 271, 274, 276, 292, 295, 296, 297, 298, 301, 310, 315, 317, 332, 335, 336, 339, 340, 344, 345, 350, 351, 354, 355, 359, 360, 364, 365, 367, 369, 371, 372, 373, 374, 375, 376, 379, 380, 381, 382, 383, 385, 386, 387, 389, 391, 392, 394, 401, 402, 404, 405, 408, 411, 412, 413, 415, 416, 417, 419, 421, 428, 431, 435, 445, 448, 450, 451, 453, 455, 457, 459, 460, 461, 462, 463, 465, 466, 467, 470, 471, 474, 476, 487, 489, 493, 495, 496, 497, 498, 499, 501, 502, 503, 506, 507, 510, 512, 523, 525, 529, 531, 532, 533, 534, 535, 537, 538, 539, 542, 543, 546, 548, 559, 561, 565, 567, 568, 569, 570, 571, 573, 574, 575, 578, 579, 582, 584, 595, 597, 609, 610, 611, 614, 615, 616, 618, 620, 621, 622, 624, 626, 638, 639, 641, 642, 644, 646, 647, 648, 650, 652, 668, 671, 672, 675, 676, 682, 691, 692, 695], "excluded_lines": [], "functions": {"ExtractedEntity.get_confidence_level": {"executed_lines": [], "summary": {"covered_lines": 0, "num_statements": 5, "percent_covered": 0.0, "percent_covered_display": "0", "missing_lines": 5, "excluded_lines": 0, "percent_statements_covered": 0.0, "percent_statements_covered_display": "0"}, "missing_lines": [61, 62, 63, 64, 66], "excluded_lines": [], "start_line": 59}, "ExtractedEntity.to_dict": {"executed_lines": [], "summary": {"covered_lines": 0, "num_statements": 1, "percent_covered": 0.0, "percent_covered_display": "0", "missing_lines": 1, "excluded_lines": 0, "percent_statements_covered": 0.0, "percent_statements_covered_display": "0"}, "missing_lines": [70], "excluded_lines": [], "start_line": 68}, "ParsedDocument.get_all_entities": {"executed_lines": [], "summary": {"covered_lines": 0, "num_statements": 1, "percent_covered": 0.0, "percent_covered_display": "0", "missing_lines": 1, "excluded_lines": 0, "percent_statements_covered": 0.0, "percent_statements_covered_display": "0"}, "missing_lines": [107], "excluded_lines": [], "start_line": 105}, "ParsedDocument.get_high_confidence_entities": {"executed_lines": [], "summary": {"covered_lines": 0, "num_statements": 1, "percent_covered": 0.0, "percent_covered_display": "0", "missing_lines": 1, "excluded_lines": 0, "percent_statements_covered": 0.0, "percent_statements_covered_display": "0"}, "missing_lines": [111], "excluded_lines": [], "start_line": 109}, "ParsedDocument.to_dict": {"executed_lines": [], "summary": {"covered_lines": 0, "num_statements": 1, "percent_covered": 0.0, "percent_covered_display": "0", "missing_lines": 1, "excluded_lines": 0, "percent_statements_covered": 0.0, "percent_statements_covered_display": "0"}, "missing_lines": [119], "excluded_lines": [], "start_line": 117}, "ClinicalDocumentParser.__init__": {"executed_lines": [], "summary": {"covered_lines": 0, "num_statements": 8, "percent_covered": 0.0, "percent_covered_display": "0", "missing_lines": 8, "excluded_lines": 0, "percent_statements_covered": 0.0, "percent_statements_covered_display": "0"}, "missing_lines": [148, 166, 190, 216, 222, 228, 234, 239], "excluded_lines": [], "start_line": 145}, "ClinicalDocumentParser.parse_file": {"executed_lines": [], "summary": {"covered_lines": 0, "num_statements": 12, "percent_covered": 0.0, "percent_covered_display": "0", "missing_lines": 12, "excluded_lines": 0, "percent_statements_covered": 0.0, "percent_statements_covered_display": "0"}, "missing_lines": [255, 257, 258, 261, 264, 265, 266, 267, 268, 269, 271, 274], "excluded_lines": [], "start_line": 241}, "ClinicalDocumentParser.parse_text": {"executed_lines": [], "summary": {"covered_lines": 0, "num_statements": 8, "percent_covered": 0.0, "percent_covered_display": "0", "missing_lines": 8, "excluded_lines": 0, "percent_statements_covered": 0.0, "percent_statements_covered_display": "0"}, "missing_lines": [292, 295, 296, 297, 298, 301, 310, 315], "excluded_lines": [], "start_line": 276}, "ClinicalDocumentParser.check_conflicts": {"executed_lines": [], "summary": {"covered_lines": 0, "num_statements": 15, "percent_covered": 0.0, "percent_covered_display": "0", "missing_lines": 15, "excluded_lines": 0, "percent_statements_covered": 0.0, "percent_statements_covered_display": "0"}, "missing_lines": [332, 335, 336, 339, 340, 344, 345, 350, 351, 354, 355, 359, 360, 364, 365], "excluded_lines": [], "start_line": 317}, "ClinicalDocumentParser._detect_format": {"executed_lines": [], "summary": {"covered_lines": 0, "num_statements": 15, "percent_covered": 0.0, "percent_covered_display": "0", "missing_lines": 15, "excluded_lines": 0, "percent_statements_covered": 0.0, "percent_statements_covered_display": "0"}, "missing_lines": [369, 371, 372, 373, 374, 375, 376, 379, 380, 381, 382, 383, 385, 386, 387], "excluded_lines": [], "start_line": 367}, "ClinicalDocumentParser._read_text_file": {"executed_lines": [], "summary": {"covered_lines": 0, "num_statements": 2, "percent_covered": 0.0, "percent_covered_display": "0", "missing_lines": 2, "excluded_lines": 0, "percent_statements_covered": 0.0, "percent_statements_covered_display": "0"}, "missing_lines": [391, 392], "excluded_lines": [], "start_line": 389}, "ClinicalDocumentParser._parse_hl7_cda": {"executed_lines": [], "summary": {"covered_lines": 0, "num_statements": 12, "percent_covered": 0.0, "percent_covered_display": "0", "missing_lines": 12, "excluded_lines": 0, "percent_statements_covered": 0.0, "percent_statements_covered_display": "0"}, "missing_lines": [401, 402, 404, 405, 408, 411, 412, 413, 415, 416, 417, 419], "excluded_lines": [], "start_line": 394}, "ClinicalDocumentParser._parse_pdf": {"executed_lines": [], "summary": {"covered_lines": 0, "num_statements": 2, "percent_covered": 0.0, "percent_covered_display": "0", "missing_lines": 2, "excluded_lines": 0, "percent_statements_covered": 0.0, "percent_statements_covered_display": "0"}, "missing_lines": [428, 431], "excluded_lines": [], "start_line": 421}, "ClinicalDocumentParser._normalize_text": {"executed_lines": [], "summary": {"covered_lines": 0, "num_statements": 5, "percent_covered": 0.0, "percent_covered_display": "0", "missing_lines": 5, "excluded_lines": 0, "percent_statements_covered": 0.0, "percent_statements_covered_display": "0"}, "missing_lines": [445, 448, 450, 451, 453], "excluded_lines": [], "start_line": 435}, "ClinicalDocumentParser._extract_diagnoses": {"executed_lines": [], "summary": {"covered_lines": 0, "num_statements": 14, "percent_covered": 0.0, "percent_covered_display": "0", "missing_lines": 14, "excluded_lines": 0, "percent_statements_covered": 0.0, "percent_statements_covered_display": "0"}, "missing_lines": [457, 459, 460, 461, 462, 463, 465, 466, 467, 470, 471, 474, 476, 487], "excluded_lines": [], "start_line": 455}, "ClinicalDocumentParser._extract_medications": {"executed_lines": [], "summary": {"covered_lines": 0, "num_statements": 14, "percent_covered": 0.0, "percent_covered_display": "0", "missing_lines": 14, "excluded_lines": 0, "percent_statements_covered": 0.0, "percent_statements_covered_display": "0"}, "missing_lines": [493, 495, 496, 497, 498, 499, 501, 502, 503, 506, 507, 510, 512, 523], "excluded_lines": [], "start_line": 489}, "ClinicalDocumentParser._extract_procedures": {"executed_lines": [], "summary": {"covered_lines": 0, "num_statements": 14, "percent_covered": 0.0, "percent_covered_display": "0", "missing_lines": 14, "excluded_lines": 0, "percent_statements_covered": 0.0, "percent_statements_covered_display": "0"}, "missing_lines": [529, 531, 532, 533, 534, 535, 537, 538, 539, 542, 543, 546, 548, 559], "excluded_lines": [], "start_line": 525}, "ClinicalDocumentParser._extract_observations": {"executed_lines": [], "summary": {"covered_lines": 0, "num_statements": 14, "percent_covered": 0.0, "percent_covered_display": "0", "missing_lines": 14, "excluded_lines": 0, "percent_statements_covered": 0.0, "percent_statements_covered_display": "0"}, "missing_lines": [565, 567, 568, 569, 570, 571, 573, 574, 575, 578, 579, 582, 584, 595], "excluded_lines": [], "start_line": 561}, "ClinicalDocumentParser._is_negated": {"executed_lines": [], "summary": {"covered_lines": 0, "num_statements": 11, "percent_covered": 0.0, "percent_covered_display": "0", "missing_lines": 11, "excluded_lines": 0, "percent_statements_covered": 0.0, "percent_statements_covered_display": "0"}, "missing_lines": [609, 610, 611, 614, 615, 616, 618, 620, 621, 622, 624], "excluded_lines": [], "start_line": 597}, "ClinicalDocumentParser._is_uncertain": {"executed_lines": [], "summary": {"covered_lines": 0, "num_statements": 9, "percent_covered": 0.0, "percent_covered_display": "0", "missing_lines": 9, "excluded_lines": 0, "percent_statements_covered": 0.0, "percent_statements_covered_display": "0"}, "missing_lines": [638, 639, 641, 642, 644, 646, 647, 648, 650], "excluded_lines": [], "start_line": 626}, "ClinicalDocumentParser._calculate_confidence": {"executed_lines": [], "summary": {"covered_lines": 0, "num_statements": 9, "percent_covered": 0.0, "percent_covered_display": "0", "missing_lines": 9, "excluded_lines": 0, "percent_statements_covered": 0.0, "percent_statements_covered_display": "0"}, "missing_lines": [668, 671, 672, 675, 676, 682, 691, 692, 695], "excluded_lines": [], "start_line": 652}, "": {"executed_lines": [], "summary": {"covered_lines": 0, "num_statements": 52, "percent_covered": 0.0, "percent_covered_display": "0", "missing_lines": 52, "excluded_lines": 0, "percent_statements_covered": 0.0, "percent_statements_covered_display": "0"}, "missing_lines": [9, 10, 11, 12, 13, 14, 16, 19, 22, 23, 24, 25, 28, 31, 32, 33, 36, 37, 54, 55, 56, 57, 59, 68, 82, 83, 98, 99, 100, 101, 102, 103, 105, 109, 117, 129, 145, 241, 276, 317, 367, 389, 394, 421, 435, 455, 489, 525, 561, 597, 626, 652], "excluded_lines": [], "start_line": 1}}, "classes": {"DocumentFormat": {"executed_lines": [], "summary": {"covered_lines": 0, "num_statements": 0, "percent_covered": 100.0, "percent_covered_display": "100", "missing_lines": 0, "excluded_lines": 0, "percent_statements_covered": 100.0, "percent_statements_covered_display": "100"}, "missing_lines": [], "excluded_lines": [], "start_line": 19}, "ExtractionConfidence": {"executed_lines": [], "summary": {"covered_lines": 0, "num_statements": 0, "percent_covered": 100.0, "percent_covered_display": "100", "missing_lines": 0, "excluded_lines": 0, "percent_statements_covered": 100.0, "percent_statements_covered_display": "100"}, "missing_lines": [], "excluded_lines": [], "start_line": 28}, "ExtractedEntity": {"executed_lines": [], "summary": {"covered_lines": 0, "num_statements": 6, "percent_covered": 0.0, "percent_covered_display": "0", "missing_lines": 6, "excluded_lines": 0, "percent_statements_covered": 0.0, "percent_statements_covered_display": "0"}, "missing_lines": [61, 62, 63, 64, 66, 70], "excluded_lines": [], "start_line": 37}, "ParsedDocument": {"executed_lines": [], "summary": {"covered_lines": 0, "num_statements": 3, "percent_covered": 0.0, "percent_covered_display": "0", "missing_lines": 3, "excluded_lines": 0, "percent_statements_covered": 0.0, "percent_statements_covered_display": "0"}, "missing_lines": [107, 111, 119], "excluded_lines": [], "start_line": 83}, "ClinicalDocumentParser": {"executed_lines": [], "summary": {"covered_lines": 0, "num_statements": 164, "percent_covered": 0.0, "percent_covered_display": "0", "missing_lines": 164, "excluded_lines": 0, "percent_statements_covered": 0.0, "percent_statements_covered_display": "0"}, "missing_lines": [148, 166, 190, 216, 222, 228, 234, 239, 255, 257, 258, 261, 264, 265, 266, 267, 268, 269, 271, 274, 292, 295, 296, 297, 298, 301, 310, 315, 332, 335, 336, 339, 340, 344, 345, 350, 351, 354, 355, 359, 360, 364, 365, 369, 371, 372, 373, 374, 375, 376, 379, 380, 381, 382, 383, 385, 386, 387, 391, 392, 401, 402, 404, 405, 408, 411, 412, 413, 415, 416, 417, 419, 428, 431, 445, 448, 450, 451, 453, 457, 459, 460, 461, 462, 463, 465, 466, 467, 470, 471, 474, 476, 487, 493, 495, 496, 497, 498, 499, 501, 502, 503, 506, 507, 510, 512, 523, 529, 531, 532, 533, 534, 535, 537, 538, 539, 542, 543, 546, 548, 559, 565, 567, 568, 569, 570, 571, 573, 574, 575, 578, 579, 582, 584, 595, 609, 610, 611, 614, 615, 616, 618, 620, 621, 622, 624, 638, 639, 641, 642, 644, 646, 647, 648, 650, 668, 671, 672, 675, 676, 682, 691, 692, 695], "excluded_lines": [], "start_line": 129}, "": {"executed_lines": [], "summary": {"covered_lines": 0, "num_statements": 52, "percent_covered": 0.0, "percent_covered_display": "0", "missing_lines": 52, "excluded_lines": 0, "percent_statements_covered": 0.0, "percent_statements_covered_display": "0"}, "missing_lines": [9, 10, 11, 12, 13, 14, 16, 19, 22, 23, 24, 25, 28, 31, 32, 33, 36, 37, 54, 55, 56, 57, 59, 68, 82, 83, 98, 99, 100, 101, 102, 103, 105, 109, 117, 129, 145, 241, 276, 317, 367, 389, 394, 421, 435, 455, 489, 525, 561, 597, 626, 652], "excluded_lines": [], "start_line": 1}}}, "src\\clinical\\fhir_adapter.py": {"executed_lines": [], "summary": {"covered_lines": 0, "num_statements": 230, "percent_covered": 0.0, "percent_covered_display": "0", "missing_lines": 230, "excluded_lines": 0, "percent_statements_covered": 0.0, "percent_statements_covered_display": "0"}, "missing_lines": [10, 11, 12, 13, 15, 18, 21, 22, 23, 24, 25, 26, 29, 32, 33, 34, 35, 38, 39, 43, 44, 45, 46, 47, 48, 49, 52, 53, 57, 58, 59, 60, 61, 62, 63, 64, 67, 68, 72, 73, 74, 75, 76, 77, 78, 79, 80, 81, 82, 85, 98, 105, 106, 107, 110, 111, 113, 120, 121, 122, 123, 125, 134, 135, 136, 138, 140, 141, 143, 144, 145, 147, 149, 164, 167, 168, 169, 170, 173, 174, 175, 176, 179, 180, 181, 184, 187, 188, 190, 192, 208, 216, 217, 220, 221, 223, 234, 235, 238, 239, 246, 247, 254, 255, 262, 263, 270, 271, 278, 279, 287, 288, 290, 305, 307, 323, 324, 326, 329, 330, 331, 332, 333, 334, 337, 340, 342, 344, 359, 372, 373, 376, 382, 383, 387, 391, 392, 397, 398, 399, 400, 402, 406, 407, 413, 414, 417, 418, 419, 421, 422, 423, 425, 429, 435, 436, 438, 440, 441, 442, 444, 445, 446, 447, 448, 450, 452, 454, 456, 457, 458, 459, 460, 461, 462, 465, 466, 467, 468, 469, 470, 471, 472, 473, 475, 476, 478, 480, 482, 483, 484, 485, 487, 488, 489, 490, 491, 492, 494, 496, 497, 498, 499, 500, 501, 502, 503, 504, 506, 508, 509, 511, 512, 513, 514, 515, 516, 518, 519, 520, 521, 522, 524, 527, 529, 531, 532, 534, 536, 537], "excluded_lines": [], "functions": {"FHIRAdapter.__init__": {"executed_lines": [], "summary": {"covered_lines": 0, "num_statements": 5, "percent_covered": 0.0, "percent_covered_display": "0", "missing_lines": 5, "excluded_lines": 0, "percent_statements_covered": 0.0, "percent_statements_covered_display": "0"}, "missing_lines": [105, 106, 107, 110, 111], "excluded_lines": [], "start_line": 98}, "FHIRAdapter._setup_authentication": {"executed_lines": [], "summary": {"covered_lines": 0, "num_statements": 15, "percent_covered": 0.0, "percent_covered_display": "0", "missing_lines": 15, "excluded_lines": 0, "percent_statements_covered": 0.0, "percent_statements_covered_display": "0"}, "missing_lines": [120, 121, 122, 123, 125, 134, 135, 136, 138, 140, 141, 143, 144, 145, 147], "excluded_lines": [], "start_line": 113}, "FHIRAdapter.read_patient_metadata": {"executed_lines": [], "summary": {"covered_lines": 0, "num_statements": 16, "percent_covered": 0.0, "percent_covered_display": "0", "missing_lines": 16, "excluded_lines": 0, "percent_statements_covered": 0.0, "percent_statements_covered_display": "0"}, "missing_lines": [164, 167, 168, 169, 170, 173, 174, 175, 176, 179, 180, 181, 184, 187, 188, 190], "excluded_lines": [], "start_line": 149}, "FHIRAdapter.write_diagnostic_report": {"executed_lines": [], "summary": {"covered_lines": 0, "num_statements": 22, "percent_covered": 0.0, "percent_covered_display": "0", "missing_lines": 22, "excluded_lines": 0, "percent_statements_covered": 0.0, "percent_statements_covered_display": "0"}, "missing_lines": [208, 216, 217, 220, 221, 223, 234, 235, 238, 239, 246, 247, 254, 255, 262, 263, 270, 271, 278, 279, 287, 288], "excluded_lines": [], "start_line": 192}, "FHIRAdapter.query_patient_history": {"executed_lines": [], "summary": {"covered_lines": 0, "num_statements": 1, "percent_covered": 0.0, "percent_covered_display": "0", "missing_lines": 1, "excluded_lines": 0, "percent_statements_covered": 0.0, "percent_statements_covered_display": "0"}, "missing_lines": [305], "excluded_lines": [], "start_line": 290}, "FHIRAdapter.validate_resource_conformance": {"executed_lines": [], "summary": {"covered_lines": 0, "num_statements": 12, "percent_covered": 0.0, "percent_covered_display": "0", "missing_lines": 12, "excluded_lines": 0, "percent_statements_covered": 0.0, "percent_statements_covered_display": "0"}, "missing_lines": [323, 324, 326, 329, 330, 331, 332, 333, 334, 337, 340, 342], "excluded_lines": [], "start_line": 307}, "FHIRAdapter.subscribe_to_imaging_studies": {"executed_lines": [], "summary": {"covered_lines": 0, "num_statements": 6, "percent_covered": 0.0, "percent_covered_display": "0", "missing_lines": 6, "excluded_lines": 0, "percent_statements_covered": 0.0, "percent_statements_covered_display": "0"}, "missing_lines": [359, 372, 373, 376, 382, 383], "excluded_lines": [], "start_line": 344}, "FHIRAdapter._read_resource": {"executed_lines": [], "summary": {"covered_lines": 0, "num_statements": 6, "percent_covered": 0.0, "percent_covered_display": "0", "missing_lines": 6, "excluded_lines": 0, "percent_statements_covered": 0.0, "percent_statements_covered_display": "0"}, "missing_lines": [391, 392, 397, 398, 399, 400], "excluded_lines": [], "start_line": 387}, "FHIRAdapter._search_resources": {"executed_lines": [], "summary": {"covered_lines": 0, "num_statements": 10, "percent_covered": 0.0, "percent_covered_display": "0", "missing_lines": 10, "excluded_lines": 0, "percent_statements_covered": 0.0, "percent_statements_covered_display": "0"}, "missing_lines": [406, 407, 413, 414, 417, 418, 419, 421, 422, 423], "excluded_lines": [], "start_line": 402}, "FHIRAdapter._create_resource": {"executed_lines": [], "summary": {"covered_lines": 0, "num_statements": 3, "percent_covered": 0.0, "percent_covered_display": "0", "missing_lines": 3, "excluded_lines": 0, "percent_statements_covered": 0.0, "percent_statements_covered_display": "0"
[...]
ercent_covered_display": "0", "missing_lines": 10, "excluded_lines": 0, "percent_statements_covered": 0.0, "percent_statements_covered_display": "0"}, "missing_lines": [369, 370, 372, 373, 378, 379, 386, 389, 390, 399], "excluded_lines": [], "start_line": 344}, "validate_clinical_text": {"executed_lines": [], "summary": {"covered_lines": 0, "num_statements": 14, "percent_covered": 0.0, "percent_covered_display": "0", "missing_lines": 14, "excluded_lines": 0, "percent_statements_covered": 0.0, "percent_statements_covered_display": "0"}, "missing_lines": [427, 428, 430, 431, 436, 437, 444, 447, 448, 457, 458, 466, 467, 468], "excluded_lines": [], "start_line": 402}, "validate_multimodal_batch": {"executed_lines": [], "summary": {"covered_lines": 0, "num_statements": 47, "percent_covered": 0.0, "percent_covered_display": "0", "missing_lines": 47, "excluded_lines": 0, "percent_statements_covered": 0.0, "percent_statements_covered_display": "0"}, "missing_lines": [508, 509, 511, 512, 518, 519, 520, 521, 522, 523, 524, 525, 526, 528, 529, 536, 537, 545, 546, 547, 549, 550, 555, 556, 557, 558, 563, 564, 570, 571, 572, 573, 578, 579, 580, 581, 582, 587, 588, 589, 590, 591, 596, 597, 598, 599, 602], "excluded_lines": [], "start_line": 476}, "validate_inputs": {"executed_lines": [], "summary": {"covered_lines": 0, "num_statements": 3, "percent_covered": 0.0, "percent_covered_display": "0", "missing_lines": 3, "excluded_lines": 1, "percent_statements_covered": 0.0, "percent_statements_covered_display": "0"}, "missing_lines": [634, 635, 656], "excluded_lines": [611], "start_line": 610}, "validate_inputs.wrapper": {"executed_lines": [], "summary": {"covered_lines": 0, "num_statements": 13, "percent_covered": 0.0, "percent_covered_display": "0", "missing_lines": 13, "excluded_lines": 0, "percent_statements_covered": 0.0, "percent_statements_covered_display": "0"}, "missing_lines": [636, 637, 640, 641, 642, 643, 644, 647, 648, 649, 650, 652, 654], "excluded_lines": [], "start_line": 635}, "get_validation_summary": {"executed_lines": [], "summary": {"covered_lines": 0, "num_statements": 13, "percent_covered": 0.0, "percent_covered_display": "0", "missing_lines": 13, "excluded_lines": 0, "percent_statements_covered": 0.0, "percent_statements_covered_display": "0"}, "missing_lines": [683, 685, 686, 687, 688, 689, 690, 691, 692, 693, 695, 697, 699], "excluded_lines": [], "start_line": 664}, "": {"executed_lines": [], "summary": {"covered_lines": 0, "num_statements": 18, "percent_covered": 0.0, "percent_covered_display": "0", "missing_lines": 18, "excluded_lines": 0, "percent_statements_covered": 0.0, "percent_statements_covered_display": "0"}, "missing_lines": [25, 26, 27, 29, 32, 35, 40, 55, 64, 117, 174, 225, 277, 344, 402, 476, 610, 664], "excluded_lines": [], "start_line": 1}}, "classes": {"ValidationError": {"executed_lines": [], "summary": {"covered_lines": 0, "num_statements": 0, "percent_covered": 100.0, "percent_covered_display": "100", "missing_lines": 0, "excluded_lines": 0, "percent_statements_covered": 100.0, "percent_statements_covered_display": "100"}, "missing_lines": [], "excluded_lines": [], "start_line": 55}, "": {"executed_lines": [], "summary": {"covered_lines": 0, "num_statements": 178, "percent_covered": 0.0, "percent_covered_display": "0", "missing_lines": 178, "excluded_lines": 1, "percent_statements_covered": 0.0, "percent_statements_covered_display": "0"}, "missing_lines": [25, 26, 27, 29, 32, 35, 37, 40, 52, 55, 64, 87, 88, 90, 91, 96, 98, 99, 106, 107, 108, 117, 144, 145, 147, 148, 152, 153, 155, 156, 164, 165, 174, 194, 195, 197, 198, 202, 203, 205, 206, 207, 208, 210, 211, 212, 213, 214, 215, 222, 225, 247, 248, 250, 251, 255, 256, 261, 262, 263, 277, 302, 303, 306, 307, 312, 313, 320, 323, 324, 333, 336, 337, 344, 369, 370, 372, 373, 378, 379, 386, 389, 390, 399, 402, 427, 428, 430, 431, 436, 437, 444, 447, 448, 457, 458, 466, 467, 468, 476, 508, 509, 511, 512, 518, 519, 520, 521, 522, 523, 524, 525, 526, 528, 529, 536, 537, 545, 546, 547, 549, 550, 555, 556, 557, 558, 563, 564, 570, 571, 572, 573, 578, 579, 580, 581, 582, 587, 588, 589, 590, 591, 596, 597, 598, 599, 602, 610, 634, 635, 636, 637, 640, 641, 642, 643, 644, 647, 648, 649, 650, 652, 654, 656, 664, 683, 685, 686, 687, 688, 689, 690, 691, 692, 693, 695, 697, 699], "excluded_lines": [611], "start_line": 1}}}, "src\\visualization\\__init__.py": {"executed_lines": [], "summary": {"covered_lines": 0, "num_statements": 3, "percent_covered": 0.0, "percent_covered_display": "0", "missing_lines": 3, "excluded_lines": 0, "percent_statements_covered": 0.0, "percent_statements_covered_display": "0"}, "missing_lines": [9, 10, 12], "excluded_lines": [], "functions": {"": {"executed_lines": [], "summary": {"covered_lines": 0, "num_statements": 3, "percent_covered": 0.0, "percent_covered_display": "0", "missing_lines": 3, "excluded_lines": 0, "percent_statements_covered": 0.0, "percent_statements_covered_display": "0"}, "missing_lines": [9, 10, 12], "excluded_lines": [], "start_line": 1}}, "classes": {"": {"executed_lines": [], "summary": {"covered_lines": 0, "num_statements": 3, "percent_covered": 0.0, "percent_covered_display": "0", "missing_lines": 3, "excluded_lines": 0, "percent_statements_covered": 0.0, "percent_statements_covered_display": "0"}, "missing_lines": [9, 10, 12], "excluded_lines": [], "start_line": 1}}}, "src\\visualization\\attention_heatmap.py": {"executed_lines": [], "summary": {"covered_lines": 0, "num_statements": 198, "percent_covered": 0.0, "percent_covered_display": "0", "missing_lines": 198, "excluded_lines": 0, "percent_statements_covered": 0.0, "percent_statements_covered_display": "0"}, "missing_lines": [11, 12, 13, 15, 16, 17, 18, 19, 21, 24, 47, 62, 63, 64, 65, 68, 70, 77, 96, 98, 99, 100, 102, 103, 104, 105, 107, 110, 112, 113, 114, 116, 144, 145, 148, 153, 154, 157, 158, 159, 160, 163, 165, 166, 169, 170, 172, 173, 176, 177, 181, 182, 184, 186, 215, 216, 217, 219, 222, 229, 232, 233, 234, 237, 240, 241, 244, 245, 248, 249, 250, 252, 253, 255, 279, 281, 282, 283, 284, 286, 287, 288, 290, 291, 293, 331, 332, 333, 335, 338, 345, 346, 351, 355, 356, 358, 359, 362, 365, 366, 367, 370, 373, 374, 377, 378, 380, 381, 384, 385, 388, 390, 392, 395, 396, 399, 402, 403, 404, 405, 406, 408, 409, 410, 412, 415, 416, 417, 419, 420, 422, 441, 444, 445, 446, 447, 449, 450, 451, 454, 455, 458, 459, 462, 463, 465, 467, 469, 511, 512, 513, 514, 518, 521, 527, 528, 529, 531, 534, 535, 536, 539, 540, 542, 545, 546, 549, 556, 557, 558, 561, 564, 565, 568, 569, 574, 577, 578, 580, 583, 586, 587, 588, 590, 591, 593, 631, 632, 633, 639, 640, 643, 652, 661, 664, 667, 669, 670], "excluded_lines": [], "functions": {"AttentionHeatmapGenerator.__init__": {"executed_lines": [], "summary": {"covered_lines": 0, "num_statements": 6, "percent_covered": 0.0, "percent_covered_display": "0", "missing_lines": 6, "excluded_lines": 0, "percent_statements_covered": 0.0, "percent_statements_covered_display": "0"}, "missing_lines": [62, 63, 64, 65, 68, 70], "excluded_lines": [], "start_line": 47}, "AttentionHeatmapGenerator.load_attention_weights": {"executed_lines": [], "summary": {"covered_lines": 0, "num_statements": 13, "percent_covered": 0.0, "percent_covered_display": "0", "missing_lines": 13, "excluded_lines": 0, "percent_statements_covered": 0.0, "percent_statements_covered_display": "0"}, "missing_lines": [96, 98, 99, 100, 102, 103, 104, 105, 107, 110, 112, 113, 114], "excluded_lines": [], "start_line": 77}, "AttentionHeatmapGenerator.create_heatmap_array": {"executed_lines": [], "summary": {"covered_lines": 0, "num_statements": 21, "percent_covered": 0.0, "percent_covered_display": "0", "missing_lines": 21, "excluded_lines": 0, "percent_statements_covered": 0.0, "percent_statements_covered_display": "0"}, "missing_lines": [144, 145, 148, 153, 154, 157, 158, 159, 160, 163, 165, 166, 169, 170, 172, 173, 176, 177, 181, 182, 184], "excluded_lines": [], "start_line": 116}, "AttentionHeatmapGenerator.generate_heatmap": {"executed_lines": [], "summary": {"covered_lines": 0, "num_statements": 19, "percent_covered": 0.0, "percent_covered_display": "0", "missing_lines": 19, "excluded_lines": 0, "percent_statements_covered": 0.0, "percent_statements_covered_display": "0"}, "missing_lines": [215, 216, 217, 219, 222, 229, 232, 233, 234, 237, 240, 241, 244, 245, 248, 249, 250, 252, 253], "excluded_lines": [], "start_line": 186}, "AttentionHeatmapGenerator.generate_batch": {"executed_lines": [], "summary": {"covered_lines": 0, "num_statements": 10, "percent_covered": 0.0, "percent_covered_display": "0", "missing_lines": 10, "excluded_lines": 0, "percent_statements_covered": 0.0, "percent_statements_covered_display": "0"}, "missing_lines": [279, 281, 282, 283, 284, 286, 287, 288, 290, 291], "excluded_lines": [], "start_line": 255}, "AttentionHeatmapGenerator.generate_heatmap_with_zoom": {"executed_lines": [], "summary": {"covered_lines": 0, "num_statements": 45, "percent_covered": 0.0, "percent_covered_display": "0", "missing_lines": 45, "excluded_lines": 0, "percent_statements_covered": 0.0, "percent_statements_covered_display": "0"}, "missing_lines": [331, 332, 333, 335, 338, 345, 346, 351, 355, 356, 358, 359, 362, 365, 366, 367, 370, 373, 374, 377, 378, 380, 381, 384, 385, 388, 390, 392, 395, 396, 399, 402, 403, 404, 405, 406, 408, 409, 410, 412, 415, 416, 417, 419, 420], "excluded_lines": [], "start_line": 293}, "AttentionHeatmapGenerator._identify_high_attention_regions": {"executed_lines": [], "summary": {"covered_lines": 0, "num_statements": 16, "percent_covered": 0.0, "percent_covered_display": "0", "missing_lines": 16, "excluded_lines": 0, "percent_statements_covered": 0.0, "percent_statements_covered_display": "0"}, "missing_lines": [441, 444, 445, 446, 447, 449, 450, 451, 454, 455, 458, 459, 462, 463, 465, 467], "excluded_lines": [], "start_line": 422}, "AttentionHeatmapGenerator.generate_multi_disease_heatmaps": {"executed_lines": [], "summary": {"covered_lines": 0, "num_statements": 37, "percent_covered": 0.0, "percent_covered_display": "0", "missing_lines": 37, "excluded_lines": 0, "percent_statements_covered": 0.0, "percent_statements_covered_display": "0"}, "missing_lines": [511, 512, 513, 514, 518, 521, 527, 528, 529, 531, 534, 535, 536, 539, 540, 542, 545, 546, 549, 556, 557, 558, 561, 564, 565, 568, 569, 574, 577, 578, 580, 583, 586, 587, 588, 590, 591], "excluded_lines": [], "start_line": 469}, "AttentionHeatmapGenerator.generate_feature_importance_explanation": {"executed_lines": [], "summary": {"covered_lines": 0, "num_statements": 12, "percent_covered": 0.0, "percent_covered_display": "0", "missing_lines": 12, "excluded_lines": 0, "percent_statements_covered": 0.0, "percent_statements_covered_display": "0"}, "missing_lines": [631, 632, 633, 639, 640, 643, 652, 661, 664, 667, 669, 670], "excluded_lines": [], "start_line": 593}, "": {"executed_lines": [], "summary": {"covered_lines": 0, "num_statements": 19, "percent_covered": 0.0, "percent_covered_display": "0", "missing_lines": 19, "excluded_lines": 0, "percent_statements_covered": 0.0, "percent_statements_covered_display": "0"}, "missing_lines": [11, 12, 13, 15, 16, 17, 18, 19, 21, 24, 47, 77, 116, 186, 255, 293, 422, 469, 593], "excluded_lines": [], "start_line": 1}}, "classes": {"AttentionHeatmapGenerator": {"executed_lines": [], "summary": {"covered_lines": 0, "num_statements": 179, "percent_covered": 0.0, "percent_covered_display": "0", "missing_lines": 179, "excluded_lines": 0, "percent_statements_covered": 0.0, "percent_statements_covered_display": "0"}, "missing_lines": [62, 63, 64, 65, 68, 70, 96, 98, 99, 100, 102, 103, 104, 105, 107, 110, 112, 113, 114, 144, 145, 148, 153, 154, 157, 158, 159, 160, 163, 165, 166, 169, 170, 172, 173, 176, 177, 181, 182, 184, 215, 216, 217, 219, 222, 229, 232, 233, 234, 237, 240, 241, 244, 245, 248, 249, 250, 252, 253, 279, 281, 282, 283, 284, 286, 287, 288, 290, 291, 331, 332, 333, 335, 338, 345, 346, 351, 355, 356, 358, 359, 362, 365, 366, 367, 370, 373, 374, 377, 378, 380, 381, 384, 385, 388, 390, 392, 395, 396, 399, 402, 403, 404, 405, 406, 408, 409, 410, 412, 415, 416, 417, 419, 420, 441, 444, 445, 446, 447, 449, 450, 451, 454, 455, 458, 459, 462, 463, 465, 467, 511, 512, 513, 514, 518, 521, 527, 528, 529, 531, 534, 535, 536, 539, 540, 542, 545, 546, 549, 556, 557, 558, 561, 564, 565, 568, 569, 574, 577, 578, 580, 583, 586, 587, 588, 590, 591, 631, 632, 633, 639, 640, 643, 652, 661, 664, 667, 669, 670], "excluded_lines": [], "start_line": 24}, "": {"executed_lines": [], "summary": {"covered_lines": 0, "num_statements": 19, "percent_covered": 0.0, "percent_covered_display": "0", "missing_lines": 19, "excluded_lines": 0, "percent_statements_covered": 0.0, "percent_statements_covered_display": "0"}, "missing_lines": [11, 12, 13, 15, 16, 17, 18, 19, 21, 24, 47, 77, 116, 186, 255, 293, 422, 469, 593], "excluded_lines": [], "start_line": 1}}}, "src\\visualization\\timeline.py": {"executed_lines": [], "summary": {"covered_lines": 0, "num_statements": 201, "percent_covered": 0.0, "percent_covered_display": "0", "missing_lines": 201, "excluded_lines": 0, "percent_statements_covered": 0.0, "percent_statements_covered_display": "0"}, "missing_lines": [8, 9, 10, 12, 13, 14, 15, 17, 20, 48, 54, 55, 56, 59, 67, 69, 75, 77, 98, 99, 101, 102, 103, 104, 112, 115, 116, 117, 120, 122, 123, 126, 127, 128, 131, 132, 133, 136, 137, 146, 147, 152, 153, 154, 159, 160, 161, 164, 166, 168, 178, 179, 180, 183, 185, 186, 198, 199, 210, 211, 212, 224, 225, 226, 227, 228, 231, 232, 233, 234, 236, 245, 256, 257, 260, 263, 264, 265, 276, 277, 278, 279, 280, 282, 291, 294, 296, 297, 298, 299, 301, 302, 311, 314, 316, 317, 318, 320, 321, 322, 324, 325, 326, 327, 329, 330, 342, 343, 344, 355, 356, 357, 358, 359, 361, 376, 377, 379, 380, 381, 384, 385, 386, 388, 389, 390, 391, 392, 393, 394, 397, 398, 399, 400, 401, 402, 403, 404, 407, 408, 409, 410, 415, 418, 419, 420, 421, 422, 424, 435, 436, 444, 451, 452, 453, 454, 455, 464, 466, 467, 469, 484, 486, 487, 488, 490, 491, 492, 494, 495, 504, 513, 516, 517, 518, 523, 524, 525, 526, 529, 530, 541, 542, 545, 547, 548, 550, 551, 553, 556, 560, 561, 562, 563, 564, 565, 566, 569, 577, 587, 588], "excluded_lines": [], "functions": {"TimelineVisualizer.__init__": {"executed_lines": [], "summary": {"covered_lines": 0, "num_statements": 7, "percent_covered": 0.0, "percent_covered_display": "0", "missing_lines": 7, "excluded_lines": 0, "percent_statements_covered": 0.0, "percent_statements_covered_display": "0"}, "missing_lines": [54, 55, 56, 59, 67, 69, 75], "excluded_lines": [], "start_line": 48}, "TimelineVisualizer.plot_timeline": {"executed_lines": [], "summary": {"covered_lines": 0, "num_statements": 31, "percent_covered": 0.0, "percent_covered_display": "0", "missing_lines": 31, "excluded_lines": 0, "percent_statements_covered": 0.0, "percent_statements_covered_display": "0"}, "missing_lines": [98, 99, 101, 102, 103, 104, 112, 115, 116, 117, 120, 122, 123, 126, 127, 128, 131, 132, 133, 136, 137, 146, 147, 152, 153, 154, 159, 160, 161, 164, 166], "excluded_lines": [], "start_line": 77}, "TimelineVisualizer._plot_disease_trajectory": {"executed_lines": [], "summary": {"covered_lines": 0, "num_statements": 20, "percent_covered": 0.0, "percent_covered_display": "0", "missing_lines": 20, "excluded_lines": 0, "percent_statements_covered": 0.0, "percent_statements_covered_display": "0"}, "missing_lines": [178, 179, 180, 183, 185, 186, 198, 199, 210, 211, 212, 224, 225, 226, 227, 228, 231, 232, 233, 234], "excluded_lines": [], "start_line": 168}, "TimelineVisualizer._plot_confidence_trajectory": {"executed_lines": [], "summary": {"covered_lines": 0, "num_statements": 12, "percent_covered": 0.0, "percent_covered_display": "0", "missing_lines": 12, "excluded_lines": 0, "percent_statements_covered": 0.0, "percent_statements_covered_display": "0"}, "missing_lines": [245, 256, 257, 260, 263, 264, 265, 276, 277, 278, 279, 280], "excluded_lines": [], "start_line": 236}, "TimelineVisualizer._plot_risk_trajectory": {"executed_lines": [], "summary": {"covered_lines": 0, "num_statements": 30, "percent_covered": 0.0, "percent_covered_display": "0", "missing_lines": 30, "excluded_lines": 0, "percent_statements_covered": 0.0, "percent_statements_covered_display": "0"}, "missing_lines": [291, 294, 296, 297, 298, 299, 301, 302, 311, 314, 316, 317, 318, 320, 321, 322, 324, 325, 326, 327, 329, 330, 342, 343, 344, 355, 356, 357, 358, 359], "excluded_lines": [], "start_line": 282}, "TimelineVisualizer.plot_progression_summary": {"executed_lines": [], "summary": {"covered_lines": 0, "num_statements": 45, "percent_covered": 0.0, "percent_covered_display": "0", "missing_lines": 45, "excluded_lines": 0, "percent_statements_covered": 0.0, "percent_statements_covered_display": "0"}, "missing_lines": [376, 377, 379, 380, 381, 384, 385, 386, 388, 389, 390, 391, 392, 393, 394, 397, 398, 399, 400, 401, 402, 403, 404, 407, 408, 409, 410, 415, 418, 419, 420, 421, 422, 424, 435, 436, 444, 451, 452, 453, 454, 455, 464, 466, 467], "excluded_lines": [], "start_line": 361}, "TimelineVisualizer.plot_treatment_response": {"executed_lines": [], "summary": {"covered_lines": 0, "num_statements": 40, "percent_covered": 0.0, "percent_covered_display": "0", "missing_lines": 40, "excluded_lines": 0, "percent_statements_covered": 0.0, "percent_statements_covered_display": "0"}, "missing_lines": [484, 486, 487, 488, 490, 491, 492, 494, 495, 504, 513, 516, 517, 518, 523, 524, 525, 526, 529, 530, 541, 542, 545, 547, 548, 550, 551, 553, 556, 560, 561, 562, 563, 564, 565, 566, 569, 577, 587, 588], "excluded_lines": [], "start_line": 469}, "": {"executed_lines": [], "summary": {"covered_lines": 0, "num_statements": 16, "percent_covered": 0.0, "percent_covered_display": "0", "missing_lines": 16, "excluded_lines": 0, "percent_statements_covered": 0.0, "percent_statements_covered_display": "0"}, "missing_lines": [8, 9, 10, 12, 13, 14, 15, 17, 20, 48, 77, 168, 236, 282, 361, 469], "excluded_lines": [], "start_line": 1}}, "classes": {"TimelineVisualizer": {"executed_lines": [], "summary": {"covered_lines": 0, "num_statements": 185, "percent_covered": 0.0, "percent_covered_display": "0", "missing_lines": 185, "excluded_lines": 0, "percent_statements_covered": 0.0, "percent_statements_covered_display": "0"}, "missing_lines": [54, 55, 56, 59, 67, 69, 75, 98, 99, 101, 102, 103, 104, 112, 115, 116, 117, 120, 122, 123, 126, 127, 128, 131, 132, 133, 136, 137, 146, 147, 152, 153, 154, 159, 160, 161, 164, 166, 178, 179, 180, 183, 185, 186, 198, 199, 210, 211, 212, 224, 225, 226, 227, 228, 231, 232, 233, 234, 245, 256, 257, 260, 263, 264, 265, 276, 277, 278, 279, 280, 291, 294, 296, 297, 298, 299, 301, 302, 311, 314, 316, 317, 318, 320, 321, 322, 324, 325, 326, 327, 329, 330, 342, 343, 344, 355, 356, 357, 358, 359, 376, 377, 379, 380, 381, 384, 385, 386, 388, 389, 390, 391, 392, 393, 394, 397, 398, 399, 400, 401, 402, 403, 404, 407, 408, 409, 410, 415, 418, 419, 420, 421, 422, 424, 435, 436, 444, 451, 452, 453, 454, 455, 464, 466, 467, 484, 486, 487, 488, 490, 491, 492, 494, 495, 504, 513, 516, 517, 518, 523, 524, 525, 526, 529, 530, 541, 542, 545, 547, 548, 550, 551, 553, 556, 560, 561, 562, 563, 564, 565, 566, 569, 577, 587, 588], "excluded_lines": [], "start_line": 20}, "": {"executed_lines": [], "summary": {"covered_lines": 0, "num_statements": 16, "percent_covered": 0.0, "percent_covered_display": "0", "missing_lines": 16, "excluded_lines": 0, "percent_statements_covered": 0.0, "percent_statements_covered_display": "0"}, "missing_lines": [8, 9, 10, 12, 13, 14, 15, 17, 20, 48, 77, 168, 236, 282, 361, 469], "excluded_lines": [], "start_line": 1}}}}, "totals": {"covered_lines": 552, "num_statements": 11024, "percent_covered": 5.0072568940493465, "percent_covered_display": "5", "missing_lines": 10472, "excluded_lines": 9, "percent_statements_covered": 5.0072568940493465, "percent_statements_covered_display": "5"}}